{
"/Users/baukh/work/GridManager/test/Adjust_test.js":{"path":"/Users/baukh/work/GridManager/test/Adjust_test.js","s":{"1":1,"2":1,"3":1,"4":84,"5":62,"6":22,"7":22,"8":22,"9":22,"10":1,"11":1,"12":1,"13":1,"14":1,"15":1,"16":1,"17":1,"18":1,"19":1,"20":1,"21":1,"22":1,"23":1,"24":1,"25":1,"26":1,"27":1,"28":1,"29":1,"30":1,"31":1,"32":1,"33":1,"34":1,"35":1},"b":{"1":[62,22]},"f":{"1":1,"2":84,"3":1,"4":1,"5":1,"6":1,"7":1,"8":1,"9":1,"10":1,"11":1,"12":1,"13":1,"14":1,"15":1,"16":1,"17":1,"18":1,"19":1,"20":1,"21":1,"22":1,"23":1,"24":1},"fnMap":{"1":{"name":"(anonymous_1)","line":1,"loc":{"start":{"line":1,"column":10},"end":{"line":1,"column":28}}},"2":{"name":"__webpack_require__","line":6,"loc":{"start":{"line":6,"column":10},"end":{"line":6,"column":49}}},"3":{"name":"(anonymous_3)","line":48,"loc":{"start":{"line":48,"column":6},"end":{"line":48,"column":53}}},"4":{"name":"(anonymous_4)","line":57,"loc":{"start":{"line":57,"column":6},"end":{"line":57,"column":53}}},"5":{"name":"(anonymous_5)","line":66,"loc":{"start":{"line":66,"column":6},"end":{"line":66,"column":53}}},"6":{"name":"(anonymous_6)","line":75,"loc":{"start":{"line":75,"column":6},"end":{"line":75,"column":53}}},"7":{"name":"(anonymous_7)","line":84,"loc":{"start":{"line":84,"column":6},"end":{"line":84,"column":53}}},"8":{"name":"(anonymous_8)","line":93,"loc":{"start":{"line":93,"column":6},"end":{"line":93,"column":53}}},"9":{"name":"(anonymous_9)","line":102,"loc":{"start":{"line":102,"column":6},"end":{"line":102,"column":53}}},"10":{"name":"(anonymous_10)","line":111,"loc":{"start":{"line":111,"column":6},"end":{"line":111,"column":53}}},"11":{"name":"(anonymous_11)","line":120,"loc":{"start":{"line":120,"column":6},"end":{"line":120,"column":53}}},"12":{"name":"(anonymous_12)","line":129,"loc":{"start":{"line":129,"column":6},"end":{"line":129,"column":53}}},"13":{"name":"(anonymous_13)","line":138,"loc":{"start":{"line":138,"column":6},"end":{"line":138,"column":53}}},"14":{"name":"(anonymous_14)","line":147,"loc":{"start":{"line":147,"column":6},"end":{"line":147,"column":53}}},"15":{"name":"(anonymous_15)","line":156,"loc":{"start":{"line":156,"column":6},"end":{"line":156,"column":53}}},"16":{"name":"(anonymous_16)","line":165,"loc":{"start":{"line":165,"column":6},"end":{"line":165,"column":53}}},"17":{"name":"(anonymous_17)","line":174,"loc":{"start":{"line":174,"column":6},"end":{"line":174,"column":53}}},"18":{"name":"(anonymous_18)","line":183,"loc":{"start":{"line":183,"column":6},"end":{"line":183,"column":53}}},"19":{"name":"(anonymous_19)","line":192,"loc":{"start":{"line":192,"column":6},"end":{"line":192,"column":53}}},"20":{"name":"(anonymous_20)","line":201,"loc":{"start":{"line":201,"column":6},"end":{"line":201,"column":53}}},"21":{"name":"(anonymous_21)","line":210,"loc":{"start":{"line":210,"column":6},"end":{"line":210,"column":53}}},"22":{"name":"(anonymous_22)","line":219,"loc":{"start":{"line":219,"column":6},"end":{"line":219,"column":53}}},"23":{"name":"(anonymous_23)","line":228,"loc":{"start":{"line":228,"column":6},"end":{"line":228,"column":53}}},"24":{"name":"(anonymous_24)","line":237,"loc":{"start":{"line":237,"column":6},"end":{"line":237,"column":53}}}},"statementMap":{"1":{"start":{"line":1,"column":9},"end":{"line":242,"column":12}},"2":{"start":{"line":3,"column":10},"end":{"line":3,"column":36}},"3":{"start":{"line":6,"column":10},"end":{"line":27,"column":11}},"4":{"start":{"line":9,"column":11},"end":{"line":10,"column":54}},"5":{"start":{"line":10,"column":12},"end":{"line":10,"column":54}},"6":{"start":{"line":13,"column":11},"end":{"line":17,"column":13}},"7":{"start":{"line":20,"column":11},"end":{"line":20,"column":95}},"8":{"start":{"line":23,"column":11},"end":{"line":23,"column":32}},"9":{"start":{"line":26,"column":11},"end":{"line":26,"column":33}},"10":{"start":{"line":31,"column":10},"end":{"line":31,"column":42}},"11":{"start":{"line":34,"column":10},"end":{"line":34,"column":51}},"12":{"start":{"line":37,"column":10},"end":{"line":37,"column":54}},"13":{"start":{"line":40,"column":10},"end":{"line":40,"column":40}},"14":{"start":{"line":50,"column":1},"end":{"line":50,"column":1990}},"15":{"start":{"line":59,"column":1},"end":{"line":59,"column":404}},"16":{"start":{"line":68,"column":1},"end":{"line":68,"column":21376}},"17":{"start":{"line":77,"column":1},"end":{"line":77,"column":4087}},"18":{"start":{"line":86,"column":1},"end":{"line":86,"column":10848}},"19":{"start":{"line":95,"column":1},"end":{"line":95,"column":6113}},"20":{"start":{"line":104,"column":1},"end":{"line":104,"column":11913}},"21":{"start":{"line":113,"column":1},"end":{"line":113,"column":13135}},"22":{"start":{"line":122,"column":1},"end":{"line":122,"column":17525}},"23":{"start":{"line":131,"column":1},"end":{"line":131,"column":8927}},"24":{"start":{"line":140,"column":1},"end":{"line":140,"column":2731}},"25":{"start":{"line":149,"column":1},"end":{"line":149,"column":3326}},"26":{"start":{"line":158,"column":1},"end":{"line":158,"column":4835}},"27":{"start":{"line":167,"column":1},"end":{"line":167,"column":2657}},"28":{"start":{"line":176,"column":1},"end":{"line":176,"column":932}},"29":{"start":{"line":185,"column":1},"end":{"line":185,"column":1800}},"30":{"start":{"line":194,"column":1},"end":{"line":194,"column":5130}},"31":{"start":{"line":203,"column":1},"end":{"line":203,"column":7047}},"32":{"start":{"line":212,"column":1},"end":{"line":212,"column":2784}},"33":{"start":{"line":221,"column":1},"end":{"line":221,"column":4037}},"34":{"start":{"line":230,"column":1},"end":{"line":230,"column":1453}},"35":{"start":{"line":239,"column":1},"end":{"line":239,"column":5468}}},"branchMap":{"1":{"line":9,"type":"if","locations":[{"start":{"line":9,"column":11},"end":{"line":9,"column":11}},{"start":{"line":9,"column":11},"end":{"line":9,"column":11}}]}},"l":{"1":1,"3":1,"6":1,"9":84,"10":62,"13":22,"20":22,"23":22,"26":22,"31":1,"34":1,"37":1,"40":1,"50":1,"59":1,"68":1,"77":1,"86":1,"95":1,"104":1,"113":1,"122":1,"131":1,"140":1,"149":1,"158":1,"167":1,"176":1,"185":1,"194":1,"203":1,"212":1,"221":1,"230":1,"239":1}},
"/Users/baukh/work/GridManager/test/AjaxPage_test.js":{"path":"/Users/baukh/work/GridManager/test/AjaxPage_test.js","s":{"1":1,"2":1,"3":1,"4":85,"5":63,"6":22,"7":22,"8":22,"9":22,"10":1,"11":1,"12":1,"13":1,"14":1,"15":1,"16":1,"17":1,"18":1,"19":1,"20":1,"21":1,"22":1,"23":1,"24":1,"25":1,"26":1,"27":1,"28":1,"29":1,"30":1,"31":1,"32":1,"33":1,"34":1,"35":1},"b":{"1":[63,22]},"f":{"1":1,"2":85,"3":1,"4":1,"5":1,"6":1,"7":1,"8":1,"9":1,"10":1,"11":1,"12":1,"13":1,"14":1,"15":1,"16":1,"17":1,"18":1,"19":1,"20":1,"21":1,"22":1,"23":1,"24":1},"fnMap":{"1":{"name":"(anonymous_1)","line":1,"loc":{"start":{"line":1,"column":10},"end":{"line":1,"column":28}}},"2":{"name":"__webpack_require__","line":6,"loc":{"start":{"line":6,"column":10},"end":{"line":6,"column":49}}},"3":{"name":"(anonymous_3)","line":48,"loc":{"start":{"line":48,"column":6},"end":{"line":48,"column":53}}},"4":{"name":"(anonymous_4)","line":57,"loc":{"start":{"line":57,"column":6},"end":{"line":57,"column":53}}},"5":{"name":"(anonymous_5)","line":66,"loc":{"start":{"line":66,"column":6},"end":{"line":66,"column":53}}},"6":{"name":"(anonymous_6)","line":75,"loc":{"start":{"line":75,"column":6},"end":{"line":75,"column":53}}},"7":{"name":"(anonymous_7)","line":84,"loc":{"start":{"line":84,"column":6},"end":{"line":84,"column":53}}},"8":{"name":"(anonymous_8)","line":93,"loc":{"start":{"line":93,"column":6},"end":{"line":93,"column":53}}},"9":{"name":"(anonymous_9)","line":102,"loc":{"start":{"line":102,"column":6},"end":{"line":102,"column":53}}},"10":{"name":"(anonymous_10)","line":111,"loc":{"start":{"line":111,"column":6},"end":{"line":111,"column":53}}},"11":{"name":"(anonymous_11)","line":120,"loc":{"start":{"line":120,"column":6},"end":{"line":120,"column":53}}},"12":{"name":"(anonymous_12)","line":129,"loc":{"start":{"line":129,"column":6},"end":{"line":129,"column":53}}},"13":{"name":"(anonymous_13)","line":138,"loc":{"start":{"line":138,"column":6},"end":{"line":138,"column":53}}},"14":{"name":"(anonymous_14)","line":147,"loc":{"start":{"line":147,"column":6},"end":{"line":147,"column":53}}},"15":{"name":"(anonymous_15)","line":156,"loc":{"start":{"line":156,"column":6},"end":{"line":156,"column":53}}},"16":{"name":"(anonymous_16)","line":165,"loc":{"start":{"line":165,"column":6},"end":{"line":165,"column":53}}},"17":{"name":"(anonymous_17)","line":174,"loc":{"start":{"line":174,"column":6},"end":{"line":174,"column":53}}},"18":{"name":"(anonymous_18)","line":183,"loc":{"start":{"line":183,"column":6},"end":{"line":183,"column":53}}},"19":{"name":"(anonymous_19)","line":192,"loc":{"start":{"line":192,"column":6},"end":{"line":192,"column":53}}},"20":{"name":"(anonymous_20)","line":201,"loc":{"start":{"line":201,"column":6},"end":{"line":201,"column":53}}},"21":{"name":"(anonymous_21)","line":210,"loc":{"start":{"line":210,"column":6},"end":{"line":210,"column":53}}},"22":{"name":"(anonymous_22)","line":219,"loc":{"start":{"line":219,"column":6},"end":{"line":219,"column":53}}},"23":{"name":"(anonymous_23)","line":228,"loc":{"start":{"line":228,"column":6},"end":{"line":228,"column":53}}},"24":{"name":"(anonymous_24)","line":237,"loc":{"start":{"line":237,"column":6},"end":{"line":237,"column":53}}}},"statementMap":{"1":{"start":{"line":1,"column":9},"end":{"line":242,"column":12}},"2":{"start":{"line":3,"column":10},"end":{"line":3,"column":36}},"3":{"start":{"line":6,"column":10},"end":{"line":27,"column":11}},"4":{"start":{"line":9,"column":11},"end":{"line":10,"column":54}},"5":{"start":{"line":10,"column":12},"end":{"line":10,"column":54}},"6":{"start":{"line":13,"column":11},"end":{"line":17,"column":13}},"7":{"start":{"line":20,"column":11},"end":{"line":20,"column":95}},"8":{"start":{"line":23,"column":11},"end":{"line":23,"column":32}},"9":{"start":{"line":26,"column":11},"end":{"line":26,"column":33}},"10":{"start":{"line":31,"column":10},"end":{"line":31,"column":42}},"11":{"start":{"line":34,"column":10},"end":{"line":34,"column":51}},"12":{"start":{"line":37,"column":10},"end":{"line":37,"column":54}},"13":{"start":{"line":40,"column":10},"end":{"line":40,"column":40}},"14":{"start":{"line":50,"column":1},"end":{"line":50,"column":6274}},"15":{"start":{"line":59,"column":1},"end":{"line":59,"column":425}},"16":{"start":{"line":68,"column":1},"end":{"line":68,"column":21397}},"17":{"start":{"line":77,"column":1},"end":{"line":77,"column":4105}},"18":{"start":{"line":86,"column":1},"end":{"line":86,"column":10866}},"19":{"start":{"line":95,"column":1},"end":{"line":95,"column":6131}},"20":{"start":{"line":104,"column":1},"end":{"line":104,"column":11931}},"21":{"start":{"line":113,"column":1},"end":{"line":113,"column":13153}},"22":{"start":{"line":122,"column":1},"end":{"line":122,"column":17543}},"23":{"start":{"line":131,"column":1},"end":{"line":131,"column":8945}},"24":{"start":{"line":140,"column":1},"end":{"line":140,"column":2749}},"25":{"start":{"line":149,"column":1},"end":{"line":149,"column":3344}},"26":{"start":{"line":158,"column":1},"end":{"line":158,"column":4853}},"27":{"start":{"line":167,"column":1},"end":{"line":167,"column":2675}},"28":{"start":{"line":176,"column":1},"end":{"line":176,"column":950}},"29":{"start":{"line":185,"column":1},"end":{"line":185,"column":1818}},"30":{"start":{"line":194,"column":1},"end":{"line":194,"column":5148}},"31":{"start":{"line":203,"column":1},"end":{"line":203,"column":7065}},"32":{"start":{"line":212,"column":1},"end":{"line":212,"column":2802}},"33":{"start":{"line":221,"column":1},"end":{"line":221,"column":4058}},"34":{"start":{"line":230,"column":1},"end":{"line":230,"column":1471}},"35":{"start":{"line":239,"column":1},"end":{"line":239,"column":5486}}},"branchMap":{"1":{"line":9,"type":"if","locations":[{"start":{"line":9,"column":11},"end":{"line":9,"column":11}},{"start":{"line":9,"column":11},"end":{"line":9,"column":11}}]}},"l":{"1":1,"3":1,"6":1,"9":85,"10":63,"13":22,"20":22,"23":22,"26":22,"31":1,"34":1,"37":1,"40":1,"50":1,"59":1,"68":1,"77":1,"86":1,"95":1,"104":1,"113":1,"122":1,"131":1,"140":1,"149":1,"158":1,"167":1,"176":1,"185":1,"194":1,"203":1,"212":1,"221":1,"230":1,"239":1}},
"/Users/baukh/work/GridManager/test/Base_test.js":{"path":"/Users/baukh/work/GridManager/test/Base_test.js","s":{"1":1,"2":1,"3":1,"4":85,"5":62,"6":23,"7":23,"8":23,"9":23,"10":1,"11":1,"12":1,"13":1,"14":1,"15":1,"16":1,"17":1,"18":1,"19":1,"20":1,"21":1,"22":1,"23":1,"24":1,"25":1,"26":1,"27":1,"28":1,"29":1,"30":1,"31":1,"32":1,"33":1,"34":1,"35":1,"36":1},"b":{"1":[62,23]},"f":{"1":1,"2":85,"3":1,"4":1,"5":1,"6":1,"7":1,"8":1,"9":1,"10":1,"11":1,"12":1,"13":1,"14":1,"15":1,"16":1,"17":1,"18":1,"19":1,"20":1,"21":1,"22":1,"23":1,"24":1,"25":1},"fnMap":{"1":{"name":"(anonymous_1)","line":1,"loc":{"start":{"line":1,"column":10},"end":{"line":1,"column":28}}},"2":{"name":"__webpack_require__","line":6,"loc":{"start":{"line":6,"column":10},"end":{"line":6,"column":49}}},"3":{"name":"(anonymous_3)","line":48,"loc":{"start":{"line":48,"column":6},"end":{"line":48,"column":53}}},"4":{"name":"(anonymous_4)","line":57,"loc":{"start":{"line":57,"column":6},"end":{"line":57,"column":53}}},"5":{"name":"(anonymous_5)","line":66,"loc":{"start":{"line":66,"column":6},"end":{"line":66,"column":53}}},"6":{"name":"(anonymous_6)","line":75,"loc":{"start":{"line":75,"column":6},"end":{"line":75,"column":53}}},"7":{"name":"(anonymous_7)","line":84,"loc":{"start":{"line":84,"column":6},"end":{"line":84,"column":53}}},"8":{"name":"(anonymous_8)","line":93,"loc":{"start":{"line":93,"column":6},"end":{"line":93,"column":53}}},"9":{"name":"(anonymous_9)","line":102,"loc":{"start":{"line":102,"column":6},"end":{"line":102,"column":53}}},"10":{"name":"(anonymous_10)","line":111,"loc":{"start":{"line":111,"column":6},"end":{"line":111,"column":53}}},"11":{"name":"(anonymous_11)","line":120,"loc":{"start":{"line":120,"column":6},"end":{"line":120,"column":53}}},"12":{"name":"(anonymous_12)","line":129,"loc":{"start":{"line":129,"column":6},"end":{"line":129,"column":53}}},"13":{"name":"(anonymous_13)","line":138,"loc":{"start":{"line":138,"column":6},"end":{"line":138,"column":53}}},"14":{"name":"(anonymous_14)","line":147,"loc":{"start":{"line":147,"column":6},"end":{"line":147,"column":53}}},"15":{"name":"(anonymous_15)","line":156,"loc":{"start":{"line":156,"column":6},"end":{"line":156,"column":53}}},"16":{"name":"(anonymous_16)","line":165,"loc":{"start":{"line":165,"column":6},"end":{"line":165,"column":53}}},"17":{"name":"(anonymous_17)","line":174,"loc":{"start":{"line":174,"column":6},"end":{"line":174,"column":53}}},"18":{"name":"(anonymous_18)","line":183,"loc":{"start":{"line":183,"column":6},"end":{"line":183,"column":53}}},"19":{"name":"(anonymous_19)","line":192,"loc":{"start":{"line":192,"column":6},"end":{"line":192,"column":53}}},"20":{"name":"(anonymous_20)","line":201,"loc":{"start":{"line":201,"column":6},"end":{"line":201,"column":53}}},"21":{"name":"(anonymous_21)","line":210,"loc":{"start":{"line":210,"column":6},"end":{"line":210,"column":53}}},"22":{"name":"(anonymous_22)","line":219,"loc":{"start":{"line":219,"column":6},"end":{"line":219,"column":53}}},"23":{"name":"(anonymous_23)","line":228,"loc":{"start":{"line":228,"column":6},"end":{"line":228,"column":53}}},"24":{"name":"(anonymous_24)","line":237,"loc":{"start":{"line":237,"column":6},"end":{"line":237,"column":53}}},"25":{"name":"(anonymous_25)","line":246,"loc":{"start":{"line":246,"column":6},"end":{"line":246,"column":32}}}},"statementMap":{"1":{"start":{"line":1,"column":9},"end":{"line":251,"column":12}},"2":{"start":{"line":3,"column":10},"end":{"line":3,"column":36}},"3":{"start":{"line":6,"column":10},"end":{"line":27,"column":11}},"4":{"start":{"line":9,"column":11},"end":{"line":10,"column":54}},"5":{"start":{"line":10,"column":12},"end":{"line":10,"column":54}},"6":{"start":{"line":13,"column":11},"end":{"line":17,"column":13}},"7":{"start":{"line":20,"column":11},"end":{"line":20,"column":95}},"8":{"start":{"line":23,"column":11},"end":{"line":23,"column":32}},"9":{"start":{"line":26,"column":11},"end":{"line":26,"column":33}},"10":{"start":{"line":31,"column":10},"end":{"line":31,"column":42}},"11":{"start":{"line":34,"column":10},"end":{"line":34,"column":51}},"12":{"start":{"line":37,"column":10},"end":{"line":37,"column":54}},"13":{"start":{"line":40,"column":10},"end":{"line":40,"column":40}},"14":{"start":{"line":50,"column":1},"end":{"line":50,"column":5105}},"15":{"start":{"line":59,"column":1},"end":{"line":59,"column":425}},"16":{"start":{"line":68,"column":1},"end":{"line":68,"column":21397}},"17":{"start":{"line":77,"column":1},"end":{"line":77,"column":4105}},"18":{"start":{"line":86,"column":1},"end":{"line":86,"column":10866}},"19":{"start":{"line":95,"column":1},"end":{"line":95,"column":6131}},"20":{"start":{"line":104,"column":1},"end":{"line":104,"column":11931}},"21":{"start":{"line":113,"column":1},"end":{"line":113,"column":13153}},"22":{"start":{"line":122,"column":1},"end":{"line":122,"column":17543}},"23":{"start":{"line":131,"column":1},"end":{"line":131,"column":8945}},"24":{"start":{"line":140,"column":1},"end":{"line":140,"column":2749}},"25":{"start":{"line":149,"column":1},"end":{"line":149,"column":3344}},"26":{"start":{"line":158,"column":1},"end":{"line":158,"column":4853}},"27":{"start":{"line":167,"column":1},"end":{"line":167,"column":2675}},"28":{"start":{"line":176,"column":1},"end":{"line":176,"column":950}},"29":{"start":{"line":185,"column":1},"end":{"line":185,"column":1818}},"30":{"start":{"line":194,"column":1},"end":{"line":194,"column":5148}},"31":{"start":{"line":203,"column":1},"end":{"line":203,"column":7065}},"32":{"start":{"line":212,"column":1},"end":{"line":212,"column":2802}},"33":{"start":{"line":221,"column":1},"end":{"line":221,"column":4058}},"34":{"start":{"line":230,"column":1},"end":{"line":230,"column":1471}},"35":{"start":{"line":239,"column":1},"end":{"line":239,"column":5486}},"36":{"start":{"line":248,"column":1},"end":{"line":248,"column":1566}}},"branchMap":{"1":{"line":9,"type":"if","locations":[{"start":{"line":9,"column":11},"end":{"line":9,"column":11}},{"start":{"line":9,"column":11},"end":{"line":9,"column":11}}]}},"l":{"1":1,"3":1,"6":1,"9":85,"10":62,"13":23,"20":23,"23":23,"26":23,"31":1,"34":1,"37":1,"40":1,"50":1,"59":1,"68":1,"77":1,"86":1,"95":1,"104":1,"113":1,"122":1,"131":1,"140":1,"149":1,"158":1,"167":1,"176":1,"185":1,"194":1,"203":1,"212":1,"221":1,"230":1,"239":1,"248":1}},
"/Users/baukh/work/GridManager/test/Cache_test.js":{"path":"/Users/baukh/work/GridManager/test/Cache_test.js","s":{"1":1,"2":1,"3":1,"4":85,"5":62,"6":23,"7":23,"8":23,"9":23,"10":1,"11":1,"12":1,"13":1,"14":1,"15":1,"16":1,"17":1,"18":1,"19":1,"20":1,"21":1,"22":1,"23":1,"24":1,"25":1,"26":1,"27":1,"28":1,"29":1,"30":1,"31":1,"32":1,"33":1,"34":1,"35":1,"36":1},"b":{"1":[62,23]},"f":{"1":1,"2":85,"3":1,"4":1,"5":1,"6":1,"7":1,"8":1,"9":1,"10":1,"11":1,"12":1,"13":1,"14":1,"15":1,"16":1,"17":1,"18":1,"19":1,"20":1,"21":1,"22":1,"23":1,"24":1,"25":1},"fnMap":{"1":{"name":"(anonymous_1)","line":1,"loc":{"start":{"line":1,"column":10},"end":{"line":1,"column":28}}},"2":{"name":"__webpack_require__","line":6,"loc":{"start":{"line":6,"column":10},"end":{"line":6,"column":49}}},"3":{"name":"(anonymous_3)","line":48,"loc":{"start":{"line":48,"column":6},"end":{"line":48,"column":53}}},"4":{"name":"(anonymous_4)","line":57,"loc":{"start":{"line":57,"column":6},"end":{"line":57,"column":53}}},"5":{"name":"(anonymous_5)","line":66,"loc":{"start":{"line":66,"column":6},"end":{"line":66,"column":53}}},"6":{"name":"(anonymous_6)","line":75,"loc":{"start":{"line":75,"column":6},"end":{"line":75,"column":53}}},"7":{"name":"(anonymous_7)","line":84,"loc":{"start":{"line":84,"column":6},"end":{"line":84,"column":53}}},"8":{"name":"(anonymous_8)","line":93,"loc":{"start":{"line":93,"column":6},"end":{"line":93,"column":53}}},"9":{"name":"(anonymous_9)","line":102,"loc":{"start":{"line":102,"column":6},"end":{"line":102,"column":53}}},"10":{"name":"(anonymous_10)","line":111,"loc":{"start":{"line":111,"column":6},"end":{"line":111,"column":53}}},"11":{"name":"(anonymous_11)","line":120,"loc":{"start":{"line":120,"column":6},"end":{"line":120,"column":53}}},"12":{"name":"(anonymous_12)","line":129,"loc":{"start":{"line":129,"column":6},"end":{"line":129,"column":53}}},"13":{"name":"(anonymous_13)","line":138,"loc":{"start":{"line":138,"column":6},"end":{"line":138,"column":53}}},"14":{"name":"(anonymous_14)","line":147,"loc":{"start":{"line":147,"column":6},"end":{"line":147,"column":53}}},"15":{"name":"(anonymous_15)","line":156,"loc":{"start":{"line":156,"column":6},"end":{"line":156,"column":53}}},"16":{"name":"(anonymous_16)","line":165,"loc":{"start":{"line":165,"column":6},"end":{"line":165,"column":53}}},"17":{"name":"(anonymous_17)","line":174,"loc":{"start":{"line":174,"column":6},"end":{"line":174,"column":53}}},"18":{"name":"(anonymous_18)","line":183,"loc":{"start":{"line":183,"column":6},"end":{"line":183,"column":53}}},"19":{"name":"(anonymous_19)","line":192,"loc":{"start":{"line":192,"column":6},"end":{"line":192,"column":53}}},"20":{"name":"(anonymous_20)","line":201,"loc":{"start":{"line":201,"column":6},"end":{"line":201,"column":53}}},"21":{"name":"(anonymous_21)","line":210,"loc":{"start":{"line":210,"column":6},"end":{"line":210,"column":53}}},"22":{"name":"(anonymous_22)","line":219,"loc":{"start":{"line":219,"column":6},"end":{"line":219,"column":53}}},"23":{"name":"(anonymous_23)","line":228,"loc":{"start":{"line":228,"column":6},"end":{"line":228,"column":53}}},"24":{"name":"(anonymous_24)","line":237,"loc":{"start":{"line":237,"column":6},"end":{"line":237,"column":53}}},"25":{"name":"(anonymous_25)","line":246,"loc":{"start":{"line":246,"column":6},"end":{"line":246,"column":32}}}},"statementMap":{"1":{"start":{"line":1,"column":9},"end":{"line":251,"column":12}},"2":{"start":{"line":3,"column":10},"end":{"line":3,"column":36}},"3":{"start":{"line":6,"column":10},"end":{"line":27,"column":11}},"4":{"start":{"line":9,"column":11},"end":{"line":10,"column":54}},"5":{"start":{"line":10,"column":12},"end":{"line":10,"column":54}},"6":{"start":{"line":13,"column":11},"end":{"line":17,"column":13}},"7":{"start":{"line":20,"column":11},"end":{"line":20,"column":95}},"8":{"start":{"line":23,"column":11},"end":{"line":23,"column":32}},"9":{"start":{"line":26,"column":11},"end":{"line":26,"column":33}},"10":{"start":{"line":31,"column":10},"end":{"line":31,"column":42}},"11":{"start":{"line":34,"column":10},"end":{"line":34,"column":51}},"12":{"start":{"line":37,"column":10},"end":{"line":37,"column":54}},"13":{"start":{"line":40,"column":10},"end":{"line":40,"column":40}},"14":{"start":{"line":50,"column":1},"end":{"line":50,"column":4471}},"15":{"start":{"line":59,"column":1},"end":{"line":59,"column":425}},"16":{"start":{"line":68,"column":1},"end":{"line":68,"column":21397}},"17":{"start":{"line":77,"column":1},"end":{"line":77,"column":4105}},"18":{"start":{"line":86,"column":1},"end":{"line":86,"column":10866}},"19":{"start":{"line":95,"column":1},"end":{"line":95,"column":6131}},"20":{"start":{"line":104,"column":1},"end":{"line":104,"column":11931}},"21":{"start":{"line":113,"column":1},"end":{"line":113,"column":13153}},"22":{"start":{"line":122,"column":1},"end":{"line":122,"column":17543}},"23":{"start":{"line":131,"column":1},"end":{"line":131,"column":8945}},"24":{"start":{"line":140,"column":1},"end":{"line":140,"column":2749}},"25":{"start":{"line":149,"column":1},"end":{"line":149,"column":3344}},"26":{"start":{"line":158,"column":1},"end":{"line":158,"column":4853}},"27":{"start":{"line":167,"column":1},"end":{"line":167,"column":2675}},"28":{"start":{"line":176,"column":1},"end":{"line":176,"column":950}},"29":{"start":{"line":185,"column":1},"end":{"line":185,"column":1818}},"30":{"start":{"line":194,"column":1},"end":{"line":194,"column":5148}},"31":{"start":{"line":203,"column":1},"end":{"line":203,"column":7065}},"32":{"start":{"line":212,"column":1},"end":{"line":212,"column":2802}},"33":{"start":{"line":221,"column":1},"end":{"line":221,"column":4058}},"34":{"start":{"line":230,"column":1},"end":{"line":230,"column":1471}},"35":{"start":{"line":239,"column":1},"end":{"line":239,"column":5486}},"36":{"start":{"line":248,"column":1},"end":{"line":248,"column":1566}}},"branchMap":{"1":{"line":9,"type":"if","locations":[{"start":{"line":9,"column":11},"end":{"line":9,"column":11}},{"start":{"line":9,"column":11},"end":{"line":9,"column":11}}]}},"l":{"1":1,"3":1,"6":1,"9":85,"10":62,"13":23,"20":23,"23":23,"26":23,"31":1,"34":1,"37":1,"40":1,"50":1,"59":1,"68":1,"77":1,"86":1,"95":1,"104":1,"113":1,"122":1,"131":1,"140":1,"149":1,"158":1,"167":1,"176":1,"185":1,"194":1,"203":1,"212":1,"221":1,"230":1,"239":1,"248":1}},
"/Users/baukh/work/GridManager/test/Checkbox_test.js":{"path":"/Users/baukh/work/GridManager/test/Checkbox_test.js","s":{"1":1,"2":1,"3":1,"4":85,"5":62,"6":23,"7":23,"8":23,"9":23,"10":1,"11":1,"12":1,"13":1,"14":1,"15":1,"16":1,"17":1,"18":1,"19":1,"20":1,"21":1,"22":1,"23":1,"24":1,"25":1,"26":1,"27":1,"28":1,"29":1,"30":1,"31":1,"32":1,"33":1,"34":1,"35":1,"36":1},"b":{"1":[62,23]},"f":{"1":1,"2":85,"3":1,"4":1,"5":1,"6":1,"7":1,"8":1,"9":1,"10":1,"11":1,"12":1,"13":1,"14":1,"15":1,"16":1,"17":1,"18":1,"19":1,"20":1,"21":1,"22":1,"23":1,"24":1,"25":1},"fnMap":{"1":{"name":"(anonymous_1)","line":1,"loc":{"start":{"line":1,"column":10},"end":{"line":1,"column":28}}},"2":{"name":"__webpack_require__","line":6,"loc":{"start":{"line":6,"column":10},"end":{"line":6,"column":49}}},"3":{"name":"(anonymous_3)","line":48,"loc":{"start":{"line":48,"column":6},"end":{"line":48,"column":53}}},"4":{"name":"(anonymous_4)","line":57,"loc":{"start":{"line":57,"column":6},"end":{"line":57,"column":53}}},"5":{"name":"(anonymous_5)","line":66,"loc":{"start":{"line":66,"column":6},"end":{"line":66,"column":53}}},"6":{"name":"(anonymous_6)","line":75,"loc":{"start":{"line":75,"column":6},"end":{"line":75,"column":53}}},"7":{"name":"(anonymous_7)","line":84,"loc":{"start":{"line":84,"column":6},"end":{"line":84,"column":53}}},"8":{"name":"(anonymous_8)","line":93,"loc":{"start":{"line":93,"column":6},"end":{"line":93,"column":53}}},"9":{"name":"(anonymous_9)","line":102,"loc":{"start":{"line":102,"column":6},"end":{"line":102,"column":53}}},"10":{"name":"(anonymous_10)","line":111,"loc":{"start":{"line":111,"column":6},"end":{"line":111,"column":53}}},"11":{"name":"(anonymous_11)","line":120,"loc":{"start":{"line":120,"column":6},"end":{"line":120,"column":53}}},"12":{"name":"(anonymous_12)","line":129,"loc":{"start":{"line":129,"column":6},"end":{"line":129,"column":53}}},"13":{"name":"(anonymous_13)","line":138,"loc":{"start":{"line":138,"column":6},"end":{"line":138,"column":53}}},"14":{"name":"(anonymous_14)","line":147,"loc":{"start":{"line":147,"column":6},"end":{"line":147,"column":53}}},"15":{"name":"(anonymous_15)","line":156,"loc":{"start":{"line":156,"column":6},"end":{"line":156,"column":53}}},"16":{"name":"(anonymous_16)","line":165,"loc":{"start":{"line":165,"column":6},"end":{"line":165,"column":53}}},"17":{"name":"(anonymous_17)","line":174,"loc":{"start":{"line":174,"column":6},"end":{"line":174,"column":53}}},"18":{"name":"(anonymous_18)","line":183,"loc":{"start":{"line":183,"column":6},"end":{"line":183,"column":53}}},"19":{"name":"(anonymous_19)","line":192,"loc":{"start":{"line":192,"column":6},"end":{"line":192,"column":53}}},"20":{"name":"(anonymous_20)","line":201,"loc":{"start":{"line":201,"column":6},"end":{"line":201,"column":53}}},"21":{"name":"(anonymous_21)","line":210,"loc":{"start":{"line":210,"column":6},"end":{"line":210,"column":53}}},"22":{"name":"(anonymous_22)","line":219,"loc":{"start":{"line":219,"column":6},"end":{"line":219,"column":53}}},"23":{"name":"(anonymous_23)","line":228,"loc":{"start":{"line":228,"column":6},"end":{"line":228,"column":53}}},"24":{"name":"(anonymous_24)","line":237,"loc":{"start":{"line":237,"column":6},"end":{"line":237,"column":53}}},"25":{"name":"(anonymous_25)","line":246,"loc":{"start":{"line":246,"column":6},"end":{"line":246,"column":32}}}},"statementMap":{"1":{"start":{"line":1,"column":9},"end":{"line":251,"column":12}},"2":{"start":{"line":3,"column":10},"end":{"line":3,"column":36}},"3":{"start":{"line":6,"column":10},"end":{"line":27,"column":11}},"4":{"start":{"line":9,"column":11},"end":{"line":10,"column":54}},"5":{"start":{"line":10,"column":12},"end":{"line":10,"column":54}},"6":{"start":{"line":13,"column":11},"end":{"line":17,"column":13}},"7":{"start":{"line":20,"column":11},"end":{"line":20,"column":95}},"8":{"start":{"line":23,"column":11},"end":{"line":23,"column":32}},"9":{"start":{"line":26,"column":11},"end":{"line":26,"column":33}},"10":{"start":{"line":31,"column":10},"end":{"line":31,"column":42}},"11":{"start":{"line":34,"column":10},"end":{"line":34,"column":51}},"12":{"start":{"line":37,"column":10},"end":{"line":37,"column":54}},"13":{"start":{"line":40,"column":10},"end":{"line":40,"column":40}},"14":{"start":{"line":50,"column":1},"end":{"line":50,"column":3008}},"15":{"start":{"line":59,"column":1},"end":{"line":59,"column":425}},"16":{"start":{"line":68,"column":1},"end":{"line":68,"column":21397}},"17":{"start":{"line":77,"column":1},"end":{"line":77,"column":4105}},"18":{"start":{"line":86,"column":1},"end":{"line":86,"column":10866}},"19":{"start":{"line":95,"column":1},"end":{"line":95,"column":6131}},"20":{"start":{"line":104,"column":1},"end":{"line":104,"column":11931}},"21":{"start":{"line":113,"column":1},"end":{"line":113,"column":13153}},"22":{"start":{"line":122,"column":1},"end":{"line":122,"column":17543}},"23":{"start":{"line":131,"column":1},"end":{"line":131,"column":8945}},"24":{"start":{"line":140,"column":1},"end":{"line":140,"column":2749}},"25":{"start":{"line":149,"column":1},"end":{"line":149,"column":3344}},"26":{"start":{"line":158,"column":1},"end":{"line":158,"column":4853}},"27":{"start":{"line":167,"column":1},"end":{"line":167,"column":2675}},"28":{"start":{"line":176,"column":1},"end":{"line":176,"column":950}},"29":{"start":{"line":185,"column":1},"end":{"line":185,"column":1818}},"30":{"start":{"line":194,"column":1},"end":{"line":194,"column":5148}},"31":{"start":{"line":203,"column":1},"end":{"line":203,"column":7065}},"32":{"start":{"line":212,"column":1},"end":{"line":212,"column":2802}},"33":{"start":{"line":221,"column":1},"end":{"line":221,"column":4058}},"34":{"start":{"line":230,"column":1},"end":{"line":230,"column":1471}},"35":{"start":{"line":239,"column":1},"end":{"line":239,"column":5486}},"36":{"start":{"line":248,"column":1},"end":{"line":248,"column":1566}}},"branchMap":{"1":{"line":9,"type":"if","locations":[{"start":{"line":9,"column":11},"end":{"line":9,"column":11}},{"start":{"line":9,"column":11},"end":{"line":9,"column":11}}]}},"l":{"1":1,"3":1,"6":1,"9":85,"10":62,"13":23,"20":23,"23":23,"26":23,"31":1,"34":1,"37":1,"40":1,"50":1,"59":1,"68":1,"77":1,"86":1,"95":1,"104":1,"113":1,"122":1,"131":1,"140":1,"149":1,"158":1,"167":1,"176":1,"185":1,"194":1,"203":1,"212":1,"221":1,"230":1,"239":1,"248":1}},
"/Users/baukh/work/GridManager/test/Config_test.js":{"path":"/Users/baukh/work/GridManager/test/Config_test.js","s":{"1":1,"2":1,"3":1,"4":99,"5":63,"6":36,"7":36,"8":36,"9":36,"10":1,"11":1,"12":1,"13":1,"14":1,"15":1,"16":1,"17":1,"18":1,"19":1,"20":1,"21":1,"22":1,"23":1,"24":1,"25":1,"26":1,"27":1,"28":1,"29":1,"30":1,"31":1,"32":1,"33":1,"34":1,"35":1,"36":1,"37":1,"38":1,"39":1,"40":1,"41":1,"42":1,"43":1,"44":1,"45":1,"46":1,"47":1,"48":1,"49":1},"b":{"1":[63,36]},"f":{"1":1,"2":99,"3":1,"4":1,"5":1,"6":1,"7":1,"8":1,"9":1,"10":1,"11":1,"12":1,"13":1,"14":1,"15":1,"16":1,"17":1,"18":1,"19":1,"20":1,"21":1,"22":1,"23":1,"24":1,"25":1,"26":1,"27":1,"28":1,"29":1,"30":1,"31":1,"32":1,"33":1,"34":1,"35":1,"36":1,"37":1,"38":1},"fnMap":{"1":{"name":"(anonymous_1)","line":1,"loc":{"start":{"line":1,"column":10},"end":{"line":1,"column":28}}},"2":{"name":"__webpack_require__","line":6,"loc":{"start":{"line":6,"column":10},"end":{"line":6,"column":49}}},"3":{"name":"(anonymous_3)","line":48,"loc":{"start":{"line":48,"column":6},"end":{"line":48,"column":53}}},"4":{"name":"(anonymous_4)","line":57,"loc":{"start":{"line":57,"column":6},"end":{"line":57,"column":53}}},"5":{"name":"(anonymous_5)","line":66,"loc":{"start":{"line":66,"column":6},"end":{"line":66,"column":53}}},"6":{"name":"(anonymous_6)","line":75,"loc":{"start":{"line":75,"column":6},"end":{"line":75,"column":53}}},"7":{"name":"(anonymous_7)","line":84,"loc":{"start":{"line":84,"column":6},"end":{"line":84,"column":53}}},"8":{"name":"(anonymous_8)","line":93,"loc":{"start":{"line":93,"column":6},"end":{"line":93,"column":53}}},"9":{"name":"(anonymous_9)","line":102,"loc":{"start":{"line":102,"column":6},"end":{"line":102,"column":53}}},"10":{"name":"(anonymous_10)","line":111,"loc":{"start":{"line":111,"column":6},"end":{"line":111,"column":53}}},"11":{"name":"(anonymous_11)","line":120,"loc":{"start":{"line":120,"column":6},"end":{"line":120,"column":53}}},"12":{"name":"(anonymous_12)","line":129,"loc":{"start":{"line":129,"column":6},"end":{"line":129,"column":53}}},"13":{"name":"(anonymous_13)","line":138,"loc":{"start":{"line":138,"column":6},"end":{"line":138,"column":53}}},"14":{"name":"(anonymous_14)","line":147,"loc":{"start":{"line":147,"column":6},"end":{"line":147,"column":53}}},"15":{"name":"(anonymous_15)","line":156,"loc":{"start":{"line":156,"column":6},"end":{"line":156,"column":53}}},"16":{"name":"(anonymous_16)","line":165,"loc":{"start":{"line":165,"column":6},"end":{"line":165,"column":53}}},"17":{"name":"(anonymous_17)","line":174,"loc":{"start":{"line":174,"column":6},"end":{"line":174,"column":53}}},"18":{"name":"(anonymous_18)","line":183,"loc":{"start":{"line":183,"column":6},"end":{"line":183,"column":53}}},"19":{"name":"(anonymous_19)","line":192,"loc":{"start":{"line":192,"column":6},"end":{"line":192,"column":53}}},"20":{"name":"(anonymous_20)","line":201,"loc":{"start":{"line":201,"column":6},"end":{"line":201,"column":53}}},"21":{"name":"(anonymous_21)","line":210,"loc":{"start":{"line":210,"column":6},"end":{"line":210,"column":53}}},"22":{"name":"(anonymous_22)","line":219,"loc":{"start":{"line":219,"column":6},"end":{"line":219,"column":53}}},"23":{"name":"(anonymous_23)","line":228,"loc":{"start":{"line":228,"column":6},"end":{"line":228,"column":53}}},"24":{"name":"(anonymous_24)","line":237,"loc":{"start":{"line":237,"column":6},"end":{"line":237,"column":53}}},"25":{"name":"(anonymous_25)","line":246,"loc":{"start":{"line":246,"column":6},"end":{"line":246,"column":32}}},"26":{"name":"(anonymous_26)","line":255,"loc":{"start":{"line":255,"column":6},"end":{"line":255,"column":53}}},"27":{"name":"(anonymous_27)","line":264,"loc":{"start":{"line":264,"column":6},"end":{"line":264,"column":53}}},"28":{"name":"(anonymous_28)","line":273,"loc":{"start":{"line":273,"column":6},"end":{"line":273,"column":53}}},"29":{"name":"(anonymous_29)","line":282,"loc":{"start":{"line":282,"column":6},"end":{"line":282,"column":53}}},"30":{"name":"(anonymous_30)","line":291,"loc":{"start":{"line":291,"column":6},"end":{"line":291,"column":32}}},"31":{"name":"(anonymous_31)","line":300,"loc":{"start":{"line":300,"column":6},"end":{"line":300,"column":32}}},"32":{"name":"(anonymous_32)","line":309,"loc":{"start":{"line":309,"column":6},"end":{"line":309,"column":32}}},"33":{"name":"(anonymous_33)","line":318,"loc":{"start":{"line":318,"column":6},"end":{"line":318,"column":32}}},"34":{"name":"(anonymous_34)","line":327,"loc":{"start":{"line":327,"column":6},"end":{"line":327,"column":32}}},"35":{"name":"(anonymous_35)","line":336,"loc":{"start":{"line":336,"column":6},"end":{"line":336,"column":32}}},"36":{"name":"(anonymous_36)","line":345,"loc":{"start":{"line":345,"column":6},"end":{"line":345,"column":32}}},"37":{"name":"(anonymous_37)","line":354,"loc":{"start":{"line":354,"column":6},"end":{"line":354,"column":53}}},"38":{"name":"(anonymous_38)","line":363,"loc":{"start":{"line":363,"column":6},"end":{"line":363,"column":32}}}},"statementMap":{"1":{"start":{"line":1,"column":9},"end":{"line":368,"column":12}},"2":{"start":{"line":3,"column":10},"end":{"line":3,"column":36}},"3":{"start":{"line":6,"column":10},"end":{"line":27,"column":11}},"4":{"start":{"line":9,"column":11},"end":{"line":10,"column":54}},"5":{"start":{"line":10,"column":12},"end":{"line":10,"column":54}},"6":{"start":{"line":13,"column":11},"end":{"line":17,"column":13}},"7":{"start":{"line":20,"column":11},"end":{"line":20,"column":95}},"8":{"start":{"line":23,"column":11},"end":{"line":23,"column":32}},"9":{"start":{"line":26,"column":11},"end":{"line":26,"column":33}},"10":{"start":{"line":31,"column":10},"end":{"line":31,"column":42}},"11":{"start":{"line":34,"column":10},"end":{"line":34,"column":51}},"12":{"start":{"line":37,"column":10},"end":{"line":37,"column":54}},"13":{"start":{"line":40,"column":10},"end":{"line":40,"column":40}},"14":{"start":{"line":50,"column":1},"end":{"line":50,"column":3950}},"15":{"start":{"line":59,"column":1},"end":{"line":59,"column":425}},"16":{"start":{"line":68,"column":1},"end":{"line":68,"column":21397}},"17":{"start":{"line":77,"column":1},"end":{"line":77,"column":4105}},"18":{"start":{"line":86,"column":1},"end":{"line":86,"column":10866}},"19":{"start":{"line":95,"column":1},"end":{"line":95,"column":6131}},"20":{"start":{"line":104,"column":1},"end":{"line":104,"column":11931}},"21":{"start":{"line":113,"column":1},"end":{"line":113,"column":13153}},"22":{"start":{"line":122,"column":1},"end":{"line":122,"column":17543}},"23":{"start":{"line":131,"column":1},"end":{"line":131,"column":8945}},"24":{"start":{"line":140,"column":1},"end":{"line":140,"column":2749}},"25":{"start":{"line":149,"column":1},"end":{"line":149,"column":3344}},"26":{"start":{"line":158,"column":1},"end":{"line":158,"column":4853}},"27":{"start":{"line":167,"column":1},"end":{"line":167,"column":2675}},"28":{"start":{"line":176,"column":1},"end":{"line":176,"column":950}},"29":{"start":{"line":185,"column":1},"end":{"line":185,"column":1818}},"30":{"start":{"line":194,"column":1},"end":{"line":194,"column":5148}},"31":{"start":{"line":203,"column":1},"end":{"line":203,"column":7065}},"32":{"start":{"line":212,"column":1},"end":{"line":212,"column":2802}},"33":{"start":{"line":221,"column":1},"end":{"line":221,"column":4058}},"34":{"start":{"line":230,"column":1},"end":{"line":230,"column":1471}},"35":{"start":{"line":239,"column":1},"end":{"line":239,"column":5486}},"36":{"start":{"line":248,"column":1},"end":{"line":248,"column":1566}},"37":{"start":{"line":257,"column":1},"end":{"line":257,"column":1150}},"38":{"start":{"line":266,"column":1},"end":{"line":266,"column":22004}},"39":{"start":{"line":275,"column":1},"end":{"line":275,"column":2788}},"40":{"start":{"line":284,"column":1},"end":{"line":284,"column":50915}},"41":{"start":{"line":293,"column":1},"end":{"line":293,"column":3780}},"42":{"start":{"line":302,"column":1},"end":{"line":302,"column":2347}},"43":{"start":{"line":311,"column":1},"end":{"line":311,"column":319}},"44":{"start":{"line":320,"column":1},"end":{"line":320,"column":15926}},"45":{"start":{"line":329,"column":1},"end":{"line":329,"column":9808}},"46":{"start":{"line":338,"column":1},"end":{"line":338,"column":15541}},"47":{"start":{"line":347,"column":1},"end":{"line":347,"column":16210}},"48":{"start":{"line":356,"column":1},"end":{"line":356,"column":9444}},"49":{"start":{"line":365,"column":1},"end":{"line":365,"column":3411}}},"branchMap":{"1":{"line":9,"type":"if","locations":[{"start":{"line":9,"column":11},"end":{"line":9,"column":11}},{"start":{"line":9,"column":11},"end":{"line":9,"column":11}}]}},"l":{"1":1,"3":1,"6":1,"9":99,"10":63,"13":36,"20":36,"23":36,"26":36,"31":1,"34":1,"37":1,"40":1,"50":1,"59":1,"68":1,"77":1,"86":1,"95":1,"104":1,"113":1,"122":1,"131":1,"140":1,"149":1,"158":1,"167":1,"176":1,"185":1,"194":1,"203":1,"212":1,"221":1,"230":1,"239":1,"248":1,"257":1,"266":1,"275":1,"284":1,"293":1,"302":1,"311":1,"320":1,"329":1,"338":1,"347":1,"356":1,"365":1}},
"/Users/baukh/work/GridManager/test/Core_test.js":{"path":"/Users/baukh/work/GridManager/test/Core_test.js","s":{"1":1,"2":1,"3":1,"4":99,"5":63,"6":36,"7":36,"8":36,"9":36,"10":1,"11":1,"12":1,"13":1,"14":1,"15":1,"16":1,"17":1,"18":1,"19":1,"20":1,"21":1,"22":1,"23":1,"24":1,"25":1,"26":1,"27":1,"28":1,"29":1,"30":1,"31":1,"32":1,"33":1,"34":1,"35":1,"36":1,"37":1,"38":1,"39":1,"40":1,"41":1,"42":1,"43":1,"44":1,"45":1,"46":1,"47":1,"48":1,"49":1},"b":{"1":[63,36]},"f":{"1":1,"2":99,"3":1,"4":1,"5":1,"6":1,"7":1,"8":1,"9":1,"10":1,"11":1,"12":1,"13":1,"14":1,"15":1,"16":1,"17":1,"18":1,"19":1,"20":1,"21":1,"22":1,"23":1,"24":1,"25":1,"26":1,"27":1,"28":1,"29":1,"30":1,"31":1,"32":1,"33":1,"34":1,"35":1,"36":1,"37":1,"38":1},"fnMap":{"1":{"name":"(anonymous_1)","line":1,"loc":{"start":{"line":1,"column":10},"end":{"line":1,"column":28}}},"2":{"name":"__webpack_require__","line":6,"loc":{"start":{"line":6,"column":10},"end":{"line":6,"column":49}}},"3":{"name":"(anonymous_3)","line":48,"loc":{"start":{"line":48,"column":6},"end":{"line":48,"column":53}}},"4":{"name":"(anonymous_4)","line":57,"loc":{"start":{"line":57,"column":6},"end":{"line":57,"column":53}}},"5":{"name":"(anonymous_5)","line":66,"loc":{"start":{"line":66,"column":6},"end":{"line":66,"column":53}}},"6":{"name":"(anonymous_6)","line":75,"loc":{"start":{"line":75,"column":6},"end":{"line":75,"column":53}}},"7":{"name":"(anonymous_7)","line":84,"loc":{"start":{"line":84,"column":6},"end":{"line":84,"column":53}}},"8":{"name":"(anonymous_8)","line":93,"loc":{"start":{"line":93,"column":6},"end":{"line":93,"column":53}}},"9":{"name":"(anonymous_9)","line":102,"loc":{"start":{"line":102,"column":6},"end":{"line":102,"column":53}}},"10":{"name":"(anonymous_10)","line":111,"loc":{"start":{"line":111,"column":6},"end":{"line":111,"column":53}}},"11":{"name":"(anonymous_11)","line":120,"loc":{"start":{"line":120,"column":6},"end":{"line":120,"column":53}}},"12":{"name":"(anonymous_12)","line":129,"loc":{"start":{"line":129,"column":6},"end":{"line":129,"column":53}}},"13":{"name":"(anonymous_13)","line":138,"loc":{"start":{"line":138,"column":6},"end":{"line":138,"column":53}}},"14":{"name":"(anonymous_14)","line":147,"loc":{"start":{"line":147,"column":6},"end":{"line":147,"column":53}}},"15":{"name":"(anonymous_15)","line":156,"loc":{"start":{"line":156,"column":6},"end":{"line":156,"column":53}}},"16":{"name":"(anonymous_16)","line":165,"loc":{"start":{"line":165,"column":6},"end":{"line":165,"column":53}}},"17":{"name":"(anonymous_17)","line":174,"loc":{"start":{"line":174,"column":6},"end":{"line":174,"column":53}}},"18":{"name":"(anonymous_18)","line":183,"loc":{"start":{"line":183,"column":6},"end":{"line":183,"column":53}}},"19":{"name":"(anonymous_19)","line":192,"loc":{"start":{"line":192,"column":6},"end":{"line":192,"column":53}}},"20":{"name":"(anonymous_20)","line":201,"loc":{"start":{"line":201,"column":6},"end":{"line":201,"column":53}}},"21":{"name":"(anonymous_21)","line":210,"loc":{"start":{"line":210,"column":6},"end":{"line":210,"column":53}}},"22":{"name":"(anonymous_22)","line":219,"loc":{"start":{"line":219,"column":6},"end":{"line":219,"column":53}}},"23":{"name":"(anonymous_23)","line":228,"loc":{"start":{"line":228,"column":6},"end":{"line":228,"column":53}}},"24":{"name":"(anonymous_24)","line":237,"loc":{"start":{"line":237,"column":6},"end":{"line":237,"column":53}}},"25":{"name":"(anonymous_25)","line":246,"loc":{"start":{"line":246,"column":6},"end":{"line":246,"column":32}}},"26":{"name":"(anonymous_26)","line":255,"loc":{"start":{"line":255,"column":6},"end":{"line":255,"column":53}}},"27":{"name":"(anonymous_27)","line":264,"loc":{"start":{"line":264,"column":6},"end":{"line":264,"column":53}}},"28":{"name":"(anonymous_28)","line":273,"loc":{"start":{"line":273,"column":6},"end":{"line":273,"column":53}}},"29":{"name":"(anonymous_29)","line":282,"loc":{"start":{"line":282,"column":6},"end":{"line":282,"column":53}}},"30":{"name":"(anonymous_30)","line":291,"loc":{"start":{"line":291,"column":6},"end":{"line":291,"column":32}}},"31":{"name":"(anonymous_31)","line":300,"loc":{"start":{"line":300,"column":6},"end":{"line":300,"column":32}}},"32":{"name":"(anonymous_32)","line":309,"loc":{"start":{"line":309,"column":6},"end":{"line":309,"column":32}}},"33":{"name":"(anonymous_33)","line":318,"loc":{"start":{"line":318,"column":6},"end":{"line":318,"column":32}}},"34":{"name":"(anonymous_34)","line":327,"loc":{"start":{"line":327,"column":6},"end":{"line":327,"column":32}}},"35":{"name":"(anonymous_35)","line":336,"loc":{"start":{"line":336,"column":6},"end":{"line":336,"column":32}}},"36":{"name":"(anonymous_36)","line":345,"loc":{"start":{"line":345,"column":6},"end":{"line":345,"column":32}}},"37":{"name":"(anonymous_37)","line":354,"loc":{"start":{"line":354,"column":6},"end":{"line":354,"column":53}}},"38":{"name":"(anonymous_38)","line":363,"loc":{"start":{"line":363,"column":6},"end":{"line":363,"column":32}}}},"statementMap":{"1":{"start":{"line":1,"column":9},"end":{"line":368,"column":12}},"2":{"start":{"line":3,"column":10},"end":{"line":3,"column":36}},"3":{"start":{"line":6,"column":10},"end":{"line":27,"column":11}},"4":{"start":{"line":9,"column":11},"end":{"line":10,"column":54}},"5":{"start":{"line":10,"column":12},"end":{"line":10,"column":54}},"6":{"start":{"line":13,"column":11},"end":{"line":17,"column":13}},"7":{"start":{"line":20,"column":11},"end":{"line":20,"column":95}},"8":{"start":{"line":23,"column":11},"end":{"line":23,"column":32}},"9":{"start":{"line":26,"column":11},"end":{"line":26,"column":33}},"10":{"start":{"line":31,"column":10},"end":{"line":31,"column":42}},"11":{"start":{"line":34,"column":10},"end":{"line":34,"column":51}},"12":{"start":{"line":37,"column":10},"end":{"line":37,"column":54}},"13":{"start":{"line":40,"column":10},"end":{"line":40,"column":40}},"14":{"start":{"line":50,"column":1},"end":{"line":50,"column":2696}},"15":{"start":{"line":59,"column":1},"end":{"line":59,"column":425}},"16":{"start":{"line":68,"column":1},"end":{"line":68,"column":21397}},"17":{"start":{"line":77,"column":1},"end":{"line":77,"column":4105}},"18":{"start":{"line":86,"column":1},"end":{"line":86,"column":10866}},"19":{"start":{"line":95,"column":1},"end":{"line":95,"column":6131}},"20":{"start":{"line":104,"column":1},"end":{"line":104,"column":11931}},"21":{"start":{"line":113,"column":1},"end":{"line":113,"column":13153}},"22":{"start":{"line":122,"column":1},"end":{"line":122,"column":17543}},"23":{"start":{"line":131,"column":1},"end":{"line":131,"column":8945}},"24":{"start":{"line":140,"column":1},"end":{"line":140,"column":2749}},"25":{"start":{"line":149,"column":1},"end":{"line":149,"column":3344}},"26":{"start":{"line":158,"column":1},"end":{"line":158,"column":4853}},"27":{"start":{"line":167,"column":1},"end":{"line":167,"column":2675}},"28":{"start":{"line":176,"column":1},"end":{"line":176,"column":950}},"29":{"start":{"line":185,"column":1},"end":{"line":185,"column":1818}},"30":{"start":{"line":194,"column":1},"end":{"line":194,"column":5148}},"31":{"start":{"line":203,"column":1},"end":{"line":203,"column":7065}},"32":{"start":{"line":212,"column":1},"end":{"line":212,"column":2802}},"33":{"start":{"line":221,"column":1},"end":{"line":221,"column":4058}},"34":{"start":{"line":230,"column":1},"end":{"line":230,"column":1471}},"35":{"start":{"line":239,"column":1},"end":{"line":239,"column":5486}},"36":{"start":{"line":248,"column":1},"end":{"line":248,"column":1566}},"37":{"start":{"line":257,"column":1},"end":{"line":257,"column":1150}},"38":{"start":{"line":266,"column":1},"end":{"line":266,"column":22004}},"39":{"start":{"line":275,"column":1},"end":{"line":275,"column":2788}},"40":{"start":{"line":284,"column":1},"end":{"line":284,"column":50915}},"41":{"start":{"line":293,"column":1},"end":{"line":293,"column":3780}},"42":{"start":{"line":302,"column":1},"end":{"line":302,"column":2347}},"43":{"start":{"line":311,"column":1},"end":{"line":311,"column":319}},"44":{"start":{"line":320,"column":1},"end":{"line":320,"column":15926}},"45":{"start":{"line":329,"column":1},"end":{"line":329,"column":9808}},"46":{"start":{"line":338,"column":1},"end":{"line":338,"column":15541}},"47":{"start":{"line":347,"column":1},"end":{"line":347,"column":16210}},"48":{"start":{"line":356,"column":1},"end":{"line":356,"column":9444}},"49":{"start":{"line":365,"column":1},"end":{"line":365,"column":3411}}},"branchMap":{"1":{"line":9,"type":"if","locations":[{"start":{"line":9,"column":11},"end":{"line":9,"column":11}},{"start":{"line":9,"column":11},"end":{"line":9,"column":11}}]}},"l":{"1":1,"3":1,"6":1,"9":99,"10":63,"13":36,"20":36,"23":36,"26":36,"31":1,"34":1,"37":1,"40":1,"50":1,"59":1,"68":1,"77":1,"86":1,"95":1,"104":1,"113":1,"122":1,"131":1,"140":1,"149":1,"158":1,"167":1,"176":1,"185":1,"194":1,"203":1,"212":1,"221":1,"230":1,"239":1,"248":1,"257":1,"266":1,"275":1,"284":1,"293":1,"302":1,"311":1,"320":1,"329":1,"338":1,"347":1,"356":1,"365":1}},
"/Users/baukh/work/GridManager/test/I18n_test.js":{"path":"/Users/baukh/work/GridManager/test/I18n_test.js","s":{"1":1,"2":1,"3":1,"4":84,"5":62,"6":22,"7":22,"8":22,"9":22,"10":1,"11":1,"12":1,"13":1,"14":1,"15":1,"16":1,"17":1,"18":1,"19":1,"20":1,"21":1,"22":1,"23":1,"24":1,"25":1,"26":1,"27":1,"28":1,"29":1,"30":1,"31":1,"32":1,"33":1,"34":1,"35":1},"b":{"1":[62,22]},"f":{"1":1,"2":84,"3":1,"4":1,"5":1,"6":1,"7":1,"8":1,"9":1,"10":1,"11":1,"12":1,"13":1,"14":1,"15":1,"16":1,"17":1,"18":1,"19":1,"20":1,"21":1,"22":1,"23":1,"24":1},"fnMap":{"1":{"name":"(anonymous_1)","line":1,"loc":{"start":{"line":1,"column":10},"end":{"line":1,"column":28}}},"2":{"name":"__webpack_require__","line":6,"loc":{"start":{"line":6,"column":10},"end":{"line":6,"column":49}}},"3":{"name":"(anonymous_3)","line":48,"loc":{"start":{"line":48,"column":6},"end":{"line":48,"column":53}}},"4":{"name":"(anonymous_4)","line":57,"loc":{"start":{"line":57,"column":6},"end":{"line":57,"column":53}}},"5":{"name":"(anonymous_5)","line":66,"loc":{"start":{"line":66,"column":6},"end":{"line":66,"column":53}}},"6":{"name":"(anonymous_6)","line":75,"loc":{"start":{"line":75,"column":6},"end":{"line":75,"column":53}}},"7":{"name":"(anonymous_7)","line":84,"loc":{"start":{"line":84,"column":6},"end":{"line":84,"column":53}}},"8":{"name":"(anonymous_8)","line":93,"loc":{"start":{"line":93,"column":6},"end":{"line":93,"column":53}}},"9":{"name":"(anonymous_9)","line":102,"loc":{"start":{"line":102,"column":6},"end":{"line":102,"column":53}}},"10":{"name":"(anonymous_10)","line":111,"loc":{"start":{"line":111,"column":6},"end":{"line":111,"column":53}}},"11":{"name":"(anonymous_11)","line":120,"loc":{"start":{"line":120,"column":6},"end":{"line":120,"column":53}}},"12":{"name":"(anonymous_12)","line":129,"loc":{"start":{"line":129,"column":6},"end":{"line":129,"column":53}}},"13":{"name":"(anonymous_13)","line":138,"loc":{"start":{"line":138,"column":6},"end":{"line":138,"column":53}}},"14":{"name":"(anonymous_14)","line":147,"loc":{"start":{"line":147,"column":6},"end":{"line":147,"column":53}}},"15":{"name":"(anonymous_15)","line":156,"loc":{"start":{"line":156,"column":6},"end":{"line":156,"column":53}}},"16":{"name":"(anonymous_16)","line":165,"loc":{"start":{"line":165,"column":6},"end":{"line":165,"column":53}}},"17":{"name":"(anonymous_17)","line":174,"loc":{"start":{"line":174,"column":6},"end":{"line":174,"column":53}}},"18":{"name":"(anonymous_18)","line":183,"loc":{"start":{"line":183,"column":6},"end":{"line":183,"column":53}}},"19":{"name":"(anonymous_19)","line":192,"loc":{"start":{"line":192,"column":6},"end":{"line":192,"column":53}}},"20":{"name":"(anonymous_20)","line":201,"loc":{"start":{"line":201,"column":6},"end":{"line":201,"column":53}}},"21":{"name":"(anonymous_21)","line":210,"loc":{"start":{"line":210,"column":6},"end":{"line":210,"column":53}}},"22":{"name":"(anonymous_22)","line":219,"loc":{"start":{"line":219,"column":6},"end":{"line":219,"column":53}}},"23":{"name":"(anonymous_23)","line":228,"loc":{"start":{"line":228,"column":6},"end":{"line":228,"column":53}}},"24":{"name":"(anonymous_24)","line":237,"loc":{"start":{"line":237,"column":6},"end":{"line":237,"column":53}}}},"statementMap":{"1":{"start":{"line":1,"column":9},"end":{"line":242,"column":12}},"2":{"start":{"line":3,"column":10},"end":{"line":3,"column":36}},"3":{"start":{"line":6,"column":10},"end":{"line":27,"column":11}},"4":{"start":{"line":9,"column":11},"end":{"line":10,"column":54}},"5":{"start":{"line":10,"column":12},"end":{"line":10,"column":54}},"6":{"start":{"line":13,"column":11},"end":{"line":17,"column":13}},"7":{"start":{"line":20,"column":11},"end":{"line":20,"column":95}},"8":{"start":{"line":23,"column":11},"end":{"line":23,"column":32}},"9":{"start":{"line":26,"column":11},"end":{"line":26,"column":33}},"10":{"start":{"line":31,"column":10},"end":{"line":31,"column":42}},"11":{"start":{"line":34,"column":10},"end":{"line":34,"column":51}},"12":{"start":{"line":37,"column":10},"end":{"line":37,"column":54}},"13":{"start":{"line":40,"column":10},"end":{"line":40,"column":40}},"14":{"start":{"line":50,"column":1},"end":{"line":50,"column":5049}},"15":{"start":{"line":59,"column":1},"end":{"line":59,"column":425}},"16":{"start":{"line":68,"column":1},"end":{"line":68,"column":21397}},"17":{"start":{"line":77,"column":1},"end":{"line":77,"column":4105}},"18":{"start":{"line":86,"column":1},"end":{"line":86,"column":10866}},"19":{"start":{"line":95,"column":1},"end":{"line":95,"column":6131}},"20":{"start":{"line":104,"column":1},"end":{"line":104,"column":11931}},"21":{"start":{"line":113,"column":1},"end":{"line":113,"column":13153}},"22":{"start":{"line":122,"column":1},"end":{"line":122,"column":17543}},"23":{"start":{"line":131,"column":1},"end":{"line":131,"column":8945}},"24":{"start":{"line":140,"column":1},"end":{"line":140,"column":2749}},"25":{"start":{"line":149,"column":1},"end":{"line":149,"column":3344}},"26":{"start":{"line":158,"column":1},"end":{"line":158,"column":4853}},"27":{"start":{"line":167,"column":1},"end":{"line":167,"column":2675}},"28":{"start":{"line":176,"column":1},"end":{"line":176,"column":950}},"29":{"start":{"line":185,"column":1},"end":{"line":185,"column":1818}},"30":{"start":{"line":194,"column":1},"end":{"line":194,"column":5148}},"31":{"start":{"line":203,"column":1},"end":{"line":203,"column":7065}},"32":{"start":{"line":212,"column":1},"end":{"line":212,"column":2802}},"33":{"start":{"line":221,"column":1},"end":{"line":221,"column":4058}},"34":{"start":{"line":230,"column":1},"end":{"line":230,"column":1471}},"35":{"start":{"line":239,"column":1},"end":{"line":239,"column":5486}}},"branchMap":{"1":{"line":9,"type":"if","locations":[{"start":{"line":9,"column":11},"end":{"line":9,"column":11}},{"start":{"line":9,"column":11},"end":{"line":9,"column":11}}]}},"l":{"1":1,"3":1,"6":1,"9":84,"10":62,"13":22,"20":22,"23":22,"26":22,"31":1,"34":1,"37":1,"40":1,"50":1,"59":1,"68":1,"77":1,"86":1,"95":1,"104":1,"113":1,"122":1,"131":1,"140":1,"149":1,"158":1,"167":1,"176":1,"185":1,"194":1,"203":1,"212":1,"221":1,"230":1,"239":1}},
"/Users/baukh/work/GridManager/test/Order_test.js":{"path":"/Users/baukh/work/GridManager/test/Order_test.js","s":{"1":1,"2":1,"3":1,"4":84,"5":62,"6":22,"7":22,"8":22,"9":22,"10":1,"11":1,"12":1,"13":1,"14":1,"15":1,"16":1,"17":1,"18":1,"19":1,"20":1,"21":1,"22":1,"23":1,"24":1,"25":1,"26":1,"27":1,"28":1,"29":1,"30":1,"31":1,"32":1,"33":1,"34":1,"35":1},"b":{"1":[62,22]},"f":{"1":1,"2":84,"3":1,"4":1,"5":1,"6":1,"7":1,"8":1,"9":1,"10":1,"11":1,"12":1,"13":1,"14":1,"15":1,"16":1,"17":1,"18":1,"19":1,"20":1,"21":1,"22":1,"23":1,"24":1},"fnMap":{"1":{"name":"(anonymous_1)","line":1,"loc":{"start":{"line":1,"column":10},"end":{"line":1,"column":28}}},"2":{"name":"__webpack_require__","line":6,"loc":{"start":{"line":6,"column":10},"end":{"line":6,"column":49}}},"3":{"name":"(anonymous_3)","line":48,"loc":{"start":{"line":48,"column":6},"end":{"line":48,"column":53}}},"4":{"name":"(anonymous_4)","line":57,"loc":{"start":{"line":57,"column":6},"end":{"line":57,"column":53}}},"5":{"name":"(anonymous_5)","line":66,"loc":{"start":{"line":66,"column":6},"end":{"line":66,"column":53}}},"6":{"name":"(anonymous_6)","line":75,"loc":{"start":{"line":75,"column":6},"end":{"line":75,"column":53}}},"7":{"name":"(anonymous_7)","line":84,"loc":{"start":{"line":84,"column":6},"end":{"line":84,"column":53}}},"8":{"name":"(anonymous_8)","line":93,"loc":{"start":{"line":93,"column":6},"end":{"line":93,"column":53}}},"9":{"name":"(anonymous_9)","line":102,"loc":{"start":{"line":102,"column":6},"end":{"line":102,"column":53}}},"10":{"name":"(anonymous_10)","line":111,"loc":{"start":{"line":111,"column":6},"end":{"line":111,"column":53}}},"11":{"name":"(anonymous_11)","line":120,"loc":{"start":{"line":120,"column":6},"end":{"line":120,"column":53}}},"12":{"name":"(anonymous_12)","line":129,"loc":{"start":{"line":129,"column":6},"end":{"line":129,"column":53}}},"13":{"name":"(anonymous_13)","line":138,"loc":{"start":{"line":138,"column":6},"end":{"line":138,"column":53}}},"14":{"name":"(anonymous_14)","line":147,"loc":{"start":{"line":147,"column":6},"end":{"line":147,"column":53}}},"15":{"name":"(anonymous_15)","line":156,"loc":{"start":{"line":156,"column":6},"end":{"line":156,"column":53}}},"16":{"name":"(anonymous_16)","line":165,"loc":{"start":{"line":165,"column":6},"end":{"line":165,"column":53}}},"17":{"name":"(anonymous_17)","line":174,"loc":{"start":{"line":174,"column":6},"end":{"line":174,"column":53}}},"18":{"name":"(anonymous_18)","line":183,"loc":{"start":{"line":183,"column":6},"end":{"line":183,"column":53}}},"19":{"name":"(anonymous_19)","line":192,"loc":{"start":{"line":192,"column":6},"end":{"line":192,"column":53}}},"20":{"name":"(anonymous_20)","line":201,"loc":{"start":{"line":201,"column":6},"end":{"line":201,"column":53}}},"21":{"name":"(anonymous_21)","line":210,"loc":{"start":{"line":210,"column":6},"end":{"line":210,"column":53}}},"22":{"name":"(anonymous_22)","line":219,"loc":{"start":{"line":219,"column":6},"end":{"line":219,"column":53}}},"23":{"name":"(anonymous_23)","line":228,"loc":{"start":{"line":228,"column":6},"end":{"line":228,"column":53}}},"24":{"name":"(anonymous_24)","line":237,"loc":{"start":{"line":237,"column":6},"end":{"line":237,"column":53}}}},"statementMap":{"1":{"start":{"line":1,"column":9},"end":{"line":242,"column":12}},"2":{"start":{"line":3,"column":10},"end":{"line":3,"column":36}},"3":{"start":{"line":6,"column":10},"end":{"line":27,"column":11}},"4":{"start":{"line":9,"column":11},"end":{"line":10,"column":54}},"5":{"start":{"line":10,"column":12},"end":{"line":10,"column":54}},"6":{"start":{"line":13,"column":11},"end":{"line":17,"column":13}},"7":{"start":{"line":20,"column":11},"end":{"line":20,"column":95}},"8":{"start":{"line":23,"column":11},"end":{"line":23,"column":32}},"9":{"start":{"line":26,"column":11},"end":{"line":26,"column":33}},"10":{"start":{"line":31,"column":10},"end":{"line":31,"column":42}},"11":{"start":{"line":34,"column":10},"end":{"line":34,"column":51}},"12":{"start":{"line":37,"column":10},"end":{"line":37,"column":54}},"13":{"start":{"line":40,"column":10},"end":{"line":40,"column":40}},"14":{"start":{"line":50,"column":1},"end":{"line":50,"column":2026}},"15":{"start":{"line":59,"column":1},"end":{"line":59,"column":425}},"16":{"start":{"line":68,"column":1},"end":{"line":68,"column":21397}},"17":{"start":{"line":77,"column":1},"end":{"line":77,"column":4105}},"18":{"start":{"line":86,"column":1},"end":{"line":86,"column":10866}},"19":{"start":{"line":95,"column":1},"end":{"line":95,"column":6131}},"20":{"start":{"line":104,"column":1},"end":{"line":104,"column":11931}},"21":{"start":{"line":113,"column":1},"end":{"line":113,"column":13153}},"22":{"start":{"line":122,"column":1},"end":{"line":122,"column":17543}},"23":{"start":{"line":131,"column":1},"end":{"line":131,"column":8945}},"24":{"start":{"line":140,"column":1},"end":{"line":140,"column":2749}},"25":{"start":{"line":149,"column":1},"end":{"line":149,"column":3344}},"26":{"start":{"line":158,"column":1},"end":{"line":158,"column":4853}},"27":{"start":{"line":167,"column":1},"end":{"line":167,"column":2675}},"28":{"start":{"line":176,"column":1},"end":{"line":176,"column":950}},"29":{"start":{"line":185,"column":1},"end":{"line":185,"column":1818}},"30":{"start":{"line":194,"column":1},"end":{"line":194,"column":5148}},"31":{"start":{"line":203,"column":1},"end":{"line":203,"column":7065}},"32":{"start":{"line":212,"column":1},"end":{"line":212,"column":2802}},"33":{"start":{"line":221,"column":1},"end":{"line":221,"column":4058}},"34":{"start":{"line":230,"column":1},"end":{"line":230,"column":1471}},"35":{"start":{"line":239,"column":1},"end":{"line":239,"column":5486}}},"branchMap":{"1":{"line":9,"type":"if","locations":[{"start":{"line":9,"column":11},"end":{"line":9,"column":11}},{"start":{"line":9,"column":11},"end":{"line":9,"column":11}}]}},"l":{"1":1,"3":1,"6":1,"9":84,"10":62,"13":22,"20":22,"23":22,"26":22,"31":1,"34":1,"37":1,"40":1,"50":1,"59":1,"68":1,"77":1,"86":1,"95":1,"104":1,"113":1,"122":1,"131":1,"140":1,"149":1,"158":1,"167":1,"176":1,"185":1,"194":1,"203":1,"212":1,"221":1,"230":1,"239":1}},
"/Users/baukh/work/GridManager/test/Publish_test.js":{"path":"/Users/baukh/work/GridManager/test/Publish_test.js","s":{"1":1,"2":1,"3":1,"4":86,"5":63,"6":23,"7":23,"8":23,"9":23,"10":1,"11":1,"12":1,"13":1,"14":1,"15":1,"16":1,"17":1,"18":1,"19":1,"20":1,"21":1,"22":1,"23":1,"24":1,"25":1,"26":1,"27":1,"28":1,"29":1,"30":1,"31":1,"32":1,"33":1,"34":1,"35":1,"36":1},"b":{"1":[63,23]},"f":{"1":1,"2":86,"3":1,"4":1,"5":1,"6":1,"7":1,"8":1,"9":1,"10":1,"11":1,"12":1,"13":1,"14":1,"15":1,"16":1,"17":1,"18":1,"19":1,"20":1,"21":1,"22":1,"23":1,"24":1,"25":1},"fnMap":{"1":{"name":"(anonymous_1)","line":1,"loc":{"start":{"line":1,"column":10},"end":{"line":1,"column":28}}},"2":{"name":"__webpack_require__","line":6,"loc":{"start":{"line":6,"column":10},"end":{"line":6,"column":49}}},"3":{"name":"(anonymous_3)","line":48,"loc":{"start":{"line":48,"column":6},"end":{"line":48,"column":53}}},"4":{"name":"(anonymous_4)","line":57,"loc":{"start":{"line":57,"column":6},"end":{"line":57,"column":53}}},"5":{"name":"(anonymous_5)","line":66,"loc":{"start":{"line":66,"column":6},"end":{"line":66,"column":53}}},"6":{"name":"(anonymous_6)","line":75,"loc":{"start":{"line":75,"column":6},"end":{"line":75,"column":53}}},"7":{"name":"(anonymous_7)","line":84,"loc":{"start":{"line":84,"column":6},"end":{"line":84,"column":53}}},"8":{"name":"(anonymous_8)","line":93,"loc":{"start":{"line":93,"column":6},"end":{"line":93,"column":53}}},"9":{"name":"(anonymous_9)","line":102,"loc":{"start":{"line":102,"column":6},"end":{"line":102,"column":53}}},"10":{"name":"(anonymous_10)","line":111,"loc":{"start":{"line":111,"column":6},"end":{"line":111,"column":53}}},"11":{"name":"(anonymous_11)","line":120,"loc":{"start":{"line":120,"column":6},"end":{"line":120,"column":53}}},"12":{"name":"(anonymous_12)","line":129,"loc":{"start":{"line":129,"column":6},"end":{"line":129,"column":53}}},"13":{"name":"(anonymous_13)","line":138,"loc":{"start":{"line":138,"column":6},"end":{"line":138,"column":53}}},"14":{"name":"(anonymous_14)","line":147,"loc":{"start":{"line":147,"column":6},"end":{"line":147,"column":53}}},"15":{"name":"(anonymous_15)","line":156,"loc":{"start":{"line":156,"column":6},"end":{"line":156,"column":53}}},"16":{"name":"(anonymous_16)","line":165,"loc":{"start":{"line":165,"column":6},"end":{"line":165,"column":53}}},"17":{"name":"(anonymous_17)","line":174,"loc":{"start":{"line":174,"column":6},"end":{"line":174,"column":53}}},"18":{"name":"(anonymous_18)","line":183,"loc":{"start":{"line":183,"column":6},"end":{"line":183,"column":53}}},"19":{"name":"(anonymous_19)","line":192,"loc":{"start":{"line":192,"column":6},"end":{"line":192,"column":53}}},"20":{"name":"(anonymous_20)","line":201,"loc":{"start":{"line":201,"column":6},"end":{"line":201,"column":53}}},"21":{"name":"(anonymous_21)","line":210,"loc":{"start":{"line":210,"column":6},"end":{"line":210,"column":53}}},"22":{"name":"(anonymous_22)","line":219,"loc":{"start":{"line":219,"column":6},"end":{"line":219,"column":53}}},"23":{"name":"(anonymous_23)","line":228,"loc":{"start":{"line":228,"column":6},"end":{"line":228,"column":53}}},"24":{"name":"(anonymous_24)","line":237,"loc":{"start":{"line":237,"column":6},"end":{"line":237,"column":53}}},"25":{"name":"(anonymous_25)","line":246,"loc":{"start":{"line":246,"column":6},"end":{"line":246,"column":32}}}},"statementMap":{"1":{"start":{"line":1,"column":9},"end":{"line":251,"column":12}},"2":{"start":{"line":3,"column":10},"end":{"line":3,"column":36}},"3":{"start":{"line":6,"column":10},"end":{"line":27,"column":11}},"4":{"start":{"line":9,"column":11},"end":{"line":10,"column":54}},"5":{"start":{"line":10,"column":12},"end":{"line":10,"column":54}},"6":{"start":{"line":13,"column":11},"end":{"line":17,"column":13}},"7":{"start":{"line":20,"column":11},"end":{"line":20,"column":95}},"8":{"start":{"line":23,"column":11},"end":{"line":23,"column":32}},"9":{"start":{"line":26,"column":11},"end":{"line":26,"column":33}},"10":{"start":{"line":31,"column":10},"end":{"line":31,"column":42}},"11":{"start":{"line":34,"column":10},"end":{"line":34,"column":51}},"12":{"start":{"line":37,"column":10},"end":{"line":37,"column":54}},"13":{"start":{"line":40,"column":10},"end":{"line":40,"column":40}},"14":{"start":{"line":50,"column":1},"end":{"line":50,"column":5264}},"15":{"start":{"line":59,"column":1},"end":{"line":59,"column":425}},"16":{"start":{"line":68,"column":1},"end":{"line":68,"column":21397}},"17":{"start":{"line":77,"column":1},"end":{"line":77,"column":4105}},"18":{"start":{"line":86,"column":1},"end":{"line":86,"column":10866}},"19":{"start":{"line":95,"column":1},"end":{"line":95,"column":6131}},"20":{"start":{"line":104,"column":1},"end":{"line":104,"column":11931}},"21":{"start":{"line":113,"column":1},"end":{"line":113,"column":13153}},"22":{"start":{"line":122,"column":1},"end":{"line":122,"column":17543}},"23":{"start":{"line":131,"column":1},"end":{"line":131,"column":8945}},"24":{"start":{"line":140,"column":1},"end":{"line":140,"column":2749}},"25":{"start":{"line":149,"column":1},"end":{"line":149,"column":3344}},"26":{"start":{"line":158,"column":1},"end":{"line":158,"column":4853}},"27":{"start":{"line":167,"column":1},"end":{"line":167,"column":2675}},"28":{"start":{"line":176,"column":1},"end":{"line":176,"column":950}},"29":{"start":{"line":185,"column":1},"end":{"line":185,"column":1818}},"30":{"start":{"line":194,"column":1},"end":{"line":194,"column":5148}},"31":{"start":{"line":203,"column":1},"end":{"line":203,"column":7065}},"32":{"start":{"line":212,"column":1},"end":{"line":212,"column":2802}},"33":{"start":{"line":221,"column":1},"end":{"line":221,"column":4058}},"34":{"start":{"line":230,"column":1},"end":{"line":230,"column":1471}},"35":{"start":{"line":239,"column":1},"end":{"line":239,"column":5486}},"36":{"start":{"line":248,"column":1},"end":{"line":248,"column":1566}}},"branchMap":{"1":{"line":9,"type":"if","locations":[{"start":{"line":9,"column":11},"end":{"line":9,"column":11}},{"start":{"line":9,"column":11},"end":{"line":9,"column":11}}]}},"l":{"1":1,"3":1,"6":1,"9":86,"10":63,"13":23,"20":23,"23":23,"26":23,"31":1,"34":1,"37":1,"40":1,"50":1,"59":1,"68":1,"77":1,"86":1,"95":1,"104":1,"113":1,"122":1,"131":1,"140":1,"149":1,"158":1,"167":1,"176":1,"185":1,"194":1,"203":1,"212":1,"221":1,"230":1,"239":1,"248":1}},
"/Users/baukh/work/GridManager/test/Settings_test.js":{"path":"/Users/baukh/work/GridManager/test/Settings_test.js","s":{"1":1,"2":1,"3":1,"4":4,"5":0,"6":4,"7":4,"8":4,"9":4,"10":1,"11":1,"12":1,"13":1,"14":1,"15":1,"16":1,"17":1},"b":{"1":[0,4]},"f":{"1":1,"2":4,"3":1,"4":1,"5":1,"6":1},"fnMap":{"1":{"name":"(anonymous_1)","line":1,"loc":{"start":{"line":1,"column":10},"end":{"line":1,"column":28}}},"2":{"name":"__webpack_require__","line":6,"loc":{"start":{"line":6,"column":10},"end":{"line":6,"column":49}}},"3":{"name":"(anonymous_3)","line":49,"loc":{"start":{"line":49,"column":6},"end":{"line":49,"column":53}}},"4":{"name":"(anonymous_4)","line":59,"loc":{"start":{"line":59,"column":6},"end":{"line":59,"column":53}}},"5":{"name":"(anonymous_5)","line":69,"loc":{"start":{"line":69,"column":6},"end":{"line":69,"column":53}}},"6":{"name":"(anonymous_6)","line":79,"loc":{"start":{"line":79,"column":6},"end":{"line":79,"column":53}}}},"statementMap":{"1":{"start":{"line":1,"column":9},"end":{"line":85,"column":12}},"2":{"start":{"line":3,"column":10},"end":{"line":3,"column":36}},"3":{"start":{"line":6,"column":10},"end":{"line":27,"column":11}},"4":{"start":{"line":9,"column":11},"end":{"line":10,"column":54}},"5":{"start":{"line":10,"column":12},"end":{"line":10,"column":54}},"6":{"start":{"line":13,"column":11},"end":{"line":17,"column":13}},"7":{"start":{"line":20,"column":11},"end":{"line":20,"column":95}},"8":{"start":{"line":23,"column":11},"end":{"line":23,"column":32}},"9":{"start":{"line":26,"column":11},"end":{"line":26,"column":33}},"10":{"start":{"line":31,"column":10},"end":{"line":31,"column":42}},"11":{"start":{"line":34,"column":10},"end":{"line":34,"column":51}},"12":{"start":{"line":37,"column":10},"end":{"line":37,"column":54}},"13":{"start":{"line":40,"column":10},"end":{"line":40,"column":40}},"14":{"start":{"line":51,"column":1},"end":{"line":51,"column":8179}},"15":{"start":{"line":61,"column":1},"end":{"line":61,"column":425}},"16":{"start":{"line":71,"column":1},"end":{"line":71,"column":21397}},"17":{"start":{"line":81,"column":1},"end":{"line":81,"column":4058}}},"branchMap":{"1":{"line":9,"type":"if","locations":[{"start":{"line":9,"column":11},"end":{"line":9,"column":11}},{"start":{"line":9,"column":11},"end":{"line":9,"column":11}}]}},"l":{"1":1,"3":1,"6":1,"9":4,"10":0,"13":4,"20":4,"23":4,"26":4,"31":1,"34":1,"37":1,"40":1,"51":1,"61":1,"71":1,"81":1}}}
