TN:
SF:/Users/baukh/work/GridManager/test/Adjust_test.js
FN:1,(anonymous_1)
FN:6,__webpack_require__
FN:48,(anonymous_3)
FN:57,(anonymous_4)
FN:66,(anonymous_5)
FN:75,(anonymous_6)
FN:84,(anonymous_7)
FN:93,(anonymous_8)
FN:102,(anonymous_9)
FN:111,(anonymous_10)
FN:120,(anonymous_11)
FN:129,(anonymous_12)
FN:138,(anonymous_13)
FN:147,(anonymous_14)
FN:156,(anonymous_15)
FN:165,(anonymous_16)
FN:174,(anonymous_17)
FN:183,(anonymous_18)
FN:192,(anonymous_19)
FN:201,(anonymous_20)
FN:210,(anonymous_21)
FN:219,(anonymous_22)
FN:228,(anonymous_23)
FN:237,(anonymous_24)
FNF:24
FNH:24
FNDA:1,(anonymous_1)
FNDA:84,__webpack_require__
FNDA:1,(anonymous_3)
FNDA:1,(anonymous_4)
FNDA:1,(anonymous_5)
FNDA:1,(anonymous_6)
FNDA:1,(anonymous_7)
FNDA:1,(anonymous_8)
FNDA:1,(anonymous_9)
FNDA:1,(anonymous_10)
FNDA:1,(anonymous_11)
FNDA:1,(anonymous_12)
FNDA:1,(anonymous_13)
FNDA:1,(anonymous_14)
FNDA:1,(anonymous_15)
FNDA:1,(anonymous_16)
FNDA:1,(anonymous_17)
FNDA:1,(anonymous_18)
FNDA:1,(anonymous_19)
FNDA:1,(anonymous_20)
FNDA:1,(anonymous_21)
FNDA:1,(anonymous_22)
FNDA:1,(anonymous_23)
FNDA:1,(anonymous_24)
DA:1,1
DA:3,1
DA:6,1
DA:9,84
DA:10,62
DA:13,22
DA:20,22
DA:23,22
DA:26,22
DA:31,1
DA:34,1
DA:37,1
DA:40,1
DA:50,1
DA:59,1
DA:68,1
DA:77,1
DA:86,1
DA:95,1
DA:104,1
DA:113,1
DA:122,1
DA:131,1
DA:140,1
DA:149,1
DA:158,1
DA:167,1
DA:176,1
DA:185,1
DA:194,1
DA:203,1
DA:212,1
DA:221,1
DA:230,1
DA:239,1
LF:35
LH:35
BRDA:9,1,0,62
BRDA:9,1,1,22
BRF:2
BRH:2
end_of_record
TN:
SF:/Users/baukh/work/GridManager/test/AjaxPage_test.js
FN:1,(anonymous_1)
FN:6,__webpack_require__
FN:48,(anonymous_3)
FN:57,(anonymous_4)
FN:66,(anonymous_5)
FN:75,(anonymous_6)
FN:84,(anonymous_7)
FN:93,(anonymous_8)
FN:102,(anonymous_9)
FN:111,(anonymous_10)
FN:120,(anonymous_11)
FN:129,(anonymous_12)
FN:138,(anonymous_13)
FN:147,(anonymous_14)
FN:156,(anonymous_15)
FN:165,(anonymous_16)
FN:174,(anonymous_17)
FN:183,(anonymous_18)
FN:192,(anonymous_19)
FN:201,(anonymous_20)
FN:210,(anonymous_21)
FN:219,(anonymous_22)
FN:228,(anonymous_23)
FN:237,(anonymous_24)
FNF:24
FNH:24
FNDA:1,(anonymous_1)
FNDA:85,__webpack_require__
FNDA:1,(anonymous_3)
FNDA:1,(anonymous_4)
FNDA:1,(anonymous_5)
FNDA:1,(anonymous_6)
FNDA:1,(anonymous_7)
FNDA:1,(anonymous_8)
FNDA:1,(anonymous_9)
FNDA:1,(anonymous_10)
FNDA:1,(anonymous_11)
FNDA:1,(anonymous_12)
FNDA:1,(anonymous_13)
FNDA:1,(anonymous_14)
FNDA:1,(anonymous_15)
FNDA:1,(anonymous_16)
FNDA:1,(anonymous_17)
FNDA:1,(anonymous_18)
FNDA:1,(anonymous_19)
FNDA:1,(anonymous_20)
FNDA:1,(anonymous_21)
FNDA:1,(anonymous_22)
FNDA:1,(anonymous_23)
FNDA:1,(anonymous_24)
DA:1,1
DA:3,1
DA:6,1
DA:9,85
DA:10,63
DA:13,22
DA:20,22
DA:23,22
DA:26,22
DA:31,1
DA:34,1
DA:37,1
DA:40,1
DA:50,1
DA:59,1
DA:68,1
DA:77,1
DA:86,1
DA:95,1
DA:104,1
DA:113,1
DA:122,1
DA:131,1
DA:140,1
DA:149,1
DA:158,1
DA:167,1
DA:176,1
DA:185,1
DA:194,1
DA:203,1
DA:212,1
DA:221,1
DA:230,1
DA:239,1
LF:35
LH:35
BRDA:9,1,0,63
BRDA:9,1,1,22
BRF:2
BRH:2
end_of_record
TN:
SF:/Users/baukh/work/GridManager/test/Base_test.js
FN:1,(anonymous_1)
FN:6,__webpack_require__
FN:48,(anonymous_3)
FN:57,(anonymous_4)
FN:66,(anonymous_5)
FN:75,(anonymous_6)
FN:84,(anonymous_7)
FN:93,(anonymous_8)
FN:102,(anonymous_9)
FN:111,(anonymous_10)
FN:120,(anonymous_11)
FN:129,(anonymous_12)
FN:138,(anonymous_13)
FN:147,(anonymous_14)
FN:156,(anonymous_15)
FN:165,(anonymous_16)
FN:174,(anonymous_17)
FN:183,(anonymous_18)
FN:192,(anonymous_19)
FN:201,(anonymous_20)
FN:210,(anonymous_21)
FN:219,(anonymous_22)
FN:228,(anonymous_23)
FN:237,(anonymous_24)
FN:246,(anonymous_25)
FNF:25
FNH:25
FNDA:1,(anonymous_1)
FNDA:85,__webpack_require__
FNDA:1,(anonymous_3)
FNDA:1,(anonymous_4)
FNDA:1,(anonymous_5)
FNDA:1,(anonymous_6)
FNDA:1,(anonymous_7)
FNDA:1,(anonymous_8)
FNDA:1,(anonymous_9)
FNDA:1,(anonymous_10)
FNDA:1,(anonymous_11)
FNDA:1,(anonymous_12)
FNDA:1,(anonymous_13)
FNDA:1,(anonymous_14)
FNDA:1,(anonymous_15)
FNDA:1,(anonymous_16)
FNDA:1,(anonymous_17)
FNDA:1,(anonymous_18)
FNDA:1,(anonymous_19)
FNDA:1,(anonymous_20)
FNDA:1,(anonymous_21)
FNDA:1,(anonymous_22)
FNDA:1,(anonymous_23)
FNDA:1,(anonymous_24)
FNDA:1,(anonymous_25)
DA:1,1
DA:3,1
DA:6,1
DA:9,85
DA:10,62
DA:13,23
DA:20,23
DA:23,23
DA:26,23
DA:31,1
DA:34,1
DA:37,1
DA:40,1
DA:50,1
DA:59,1
DA:68,1
DA:77,1
DA:86,1
DA:95,1
DA:104,1
DA:113,1
DA:122,1
DA:131,1
DA:140,1
DA:149,1
DA:158,1
DA:167,1
DA:176,1
DA:185,1
DA:194,1
DA:203,1
DA:212,1
DA:221,1
DA:230,1
DA:239,1
DA:248,1
LF:36
LH:36
BRDA:9,1,0,62
BRDA:9,1,1,23
BRF:2
BRH:2
end_of_record
TN:
SF:/Users/baukh/work/GridManager/test/Cache_test.js
FN:1,(anonymous_1)
FN:6,__webpack_require__
FN:48,(anonymous_3)
FN:57,(anonymous_4)
FN:66,(anonymous_5)
FN:75,(anonymous_6)
FN:84,(anonymous_7)
FN:93,(anonymous_8)
FN:102,(anonymous_9)
FN:111,(anonymous_10)
FN:120,(anonymous_11)
FN:129,(anonymous_12)
FN:138,(anonymous_13)
FN:147,(anonymous_14)
FN:156,(anonymous_15)
FN:165,(anonymous_16)
FN:174,(anonymous_17)
FN:183,(anonymous_18)
FN:192,(anonymous_19)
FN:201,(anonymous_20)
FN:210,(anonymous_21)
FN:219,(anonymous_22)
FN:228,(anonymous_23)
FN:237,(anonymous_24)
FN:246,(anonymous_25)
FNF:25
FNH:25
FNDA:1,(anonymous_1)
FNDA:85,__webpack_require__
FNDA:1,(anonymous_3)
FNDA:1,(anonymous_4)
FNDA:1,(anonymous_5)
FNDA:1,(anonymous_6)
FNDA:1,(anonymous_7)
FNDA:1,(anonymous_8)
FNDA:1,(anonymous_9)
FNDA:1,(anonymous_10)
FNDA:1,(anonymous_11)
FNDA:1,(anonymous_12)
FNDA:1,(anonymous_13)
FNDA:1,(anonymous_14)
FNDA:1,(anonymous_15)
FNDA:1,(anonymous_16)
FNDA:1,(anonymous_17)
FNDA:1,(anonymous_18)
FNDA:1,(anonymous_19)
FNDA:1,(anonymous_20)
FNDA:1,(anonymous_21)
FNDA:1,(anonymous_22)
FNDA:1,(anonymous_23)
FNDA:1,(anonymous_24)
FNDA:1,(anonymous_25)
DA:1,1
DA:3,1
DA:6,1
DA:9,85
DA:10,62
DA:13,23
DA:20,23
DA:23,23
DA:26,23
DA:31,1
DA:34,1
DA:37,1
DA:40,1
DA:50,1
DA:59,1
DA:68,1
DA:77,1
DA:86,1
DA:95,1
DA:104,1
DA:113,1
DA:122,1
DA:131,1
DA:140,1
DA:149,1
DA:158,1
DA:167,1
DA:176,1
DA:185,1
DA:194,1
DA:203,1
DA:212,1
DA:221,1
DA:230,1
DA:239,1
DA:248,1
LF:36
LH:36
BRDA:9,1,0,62
BRDA:9,1,1,23
BRF:2
BRH:2
end_of_record
TN:
SF:/Users/baukh/work/GridManager/test/Checkbox_test.js
FN:1,(anonymous_1)
FN:6,__webpack_require__
FN:48,(anonymous_3)
FN:57,(anonymous_4)
FN:66,(anonymous_5)
FN:75,(anonymous_6)
FN:84,(anonymous_7)
FN:93,(anonymous_8)
FN:102,(anonymous_9)
FN:111,(anonymous_10)
FN:120,(anonymous_11)
FN:129,(anonymous_12)
FN:138,(anonymous_13)
FN:147,(anonymous_14)
FN:156,(anonymous_15)
FN:165,(anonymous_16)
FN:174,(anonymous_17)
FN:183,(anonymous_18)
FN:192,(anonymous_19)
FN:201,(anonymous_20)
FN:210,(anonymous_21)
FN:219,(anonymous_22)
FN:228,(anonymous_23)
FN:237,(anonymous_24)
FN:246,(anonymous_25)
FNF:25
FNH:25
FNDA:1,(anonymous_1)
FNDA:85,__webpack_require__
FNDA:1,(anonymous_3)
FNDA:1,(anonymous_4)
FNDA:1,(anonymous_5)
FNDA:1,(anonymous_6)
FNDA:1,(anonymous_7)
FNDA:1,(anonymous_8)
FNDA:1,(anonymous_9)
FNDA:1,(anonymous_10)
FNDA:1,(anonymous_11)
FNDA:1,(anonymous_12)
FNDA:1,(anonymous_13)
FNDA:1,(anonymous_14)
FNDA:1,(anonymous_15)
FNDA:1,(anonymous_16)
FNDA:1,(anonymous_17)
FNDA:1,(anonymous_18)
FNDA:1,(anonymous_19)
FNDA:1,(anonymous_20)
FNDA:1,(anonymous_21)
FNDA:1,(anonymous_22)
FNDA:1,(anonymous_23)
FNDA:1,(anonymous_24)
FNDA:1,(anonymous_25)
DA:1,1
DA:3,1
DA:6,1
DA:9,85
DA:10,62
DA:13,23
DA:20,23
DA:23,23
DA:26,23
DA:31,1
DA:34,1
DA:37,1
DA:40,1
DA:50,1
DA:59,1
DA:68,1
DA:77,1
DA:86,1
DA:95,1
DA:104,1
DA:113,1
DA:122,1
DA:131,1
DA:140,1
DA:149,1
DA:158,1
DA:167,1
DA:176,1
DA:185,1
DA:194,1
DA:203,1
DA:212,1
DA:221,1
DA:230,1
DA:239,1
DA:248,1
LF:36
LH:36
BRDA:9,1,0,62
BRDA:9,1,1,23
BRF:2
BRH:2
end_of_record
TN:
SF:/Users/baukh/work/GridManager/test/Config_test.js
FN:1,(anonymous_1)
FN:6,__webpack_require__
FN:48,(anonymous_3)
FN:57,(anonymous_4)
FN:66,(anonymous_5)
FN:75,(anonymous_6)
FN:84,(anonymous_7)
FN:93,(anonymous_8)
FN:102,(anonymous_9)
FN:111,(anonymous_10)
FN:120,(anonymous_11)
FN:129,(anonymous_12)
FN:138,(anonymous_13)
FN:147,(anonymous_14)
FN:156,(anonymous_15)
FN:165,(anonymous_16)
FN:174,(anonymous_17)
FN:183,(anonymous_18)
FN:192,(anonymous_19)
FN:201,(anonymous_20)
FN:210,(anonymous_21)
FN:219,(anonymous_22)
FN:228,(anonymous_23)
FN:237,(anonymous_24)
FN:246,(anonymous_25)
FN:255,(anonymous_26)
FN:264,(anonymous_27)
FN:273,(anonymous_28)
FN:282,(anonymous_29)
FN:291,(anonymous_30)
FN:300,(anonymous_31)
FN:309,(anonymous_32)
FN:318,(anonymous_33)
FN:327,(anonymous_34)
FN:336,(anonymous_35)
FN:345,(anonymous_36)
FN:354,(anonymous_37)
FN:363,(anonymous_38)
FNF:38
FNH:38
FNDA:1,(anonymous_1)
FNDA:99,__webpack_require__
FNDA:1,(anonymous_3)
FNDA:1,(anonymous_4)
FNDA:1,(anonymous_5)
FNDA:1,(anonymous_6)
FNDA:1,(anonymous_7)
FNDA:1,(anonymous_8)
FNDA:1,(anonymous_9)
FNDA:1,(anonymous_10)
FNDA:1,(anonymous_11)
FNDA:1,(anonymous_12)
FNDA:1,(anonymous_13)
FNDA:1,(anonymous_14)
FNDA:1,(anonymous_15)
FNDA:1,(anonymous_16)
FNDA:1,(anonymous_17)
FNDA:1,(anonymous_18)
FNDA:1,(anonymous_19)
FNDA:1,(anonymous_20)
FNDA:1,(anonymous_21)
FNDA:1,(anonymous_22)
FNDA:1,(anonymous_23)
FNDA:1,(anonymous_24)
FNDA:1,(anonymous_25)
FNDA:1,(anonymous_26)
FNDA:1,(anonymous_27)
FNDA:1,(anonymous_28)
FNDA:1,(anonymous_29)
FNDA:1,(anonymous_30)
FNDA:1,(anonymous_31)
FNDA:1,(anonymous_32)
FNDA:1,(anonymous_33)
FNDA:1,(anonymous_34)
FNDA:1,(anonymous_35)
FNDA:1,(anonymous_36)
FNDA:1,(anonymous_37)
FNDA:1,(anonymous_38)
DA:1,1
DA:3,1
DA:6,1
DA:9,99
DA:10,63
DA:13,36
DA:20,36
DA:23,36
DA:26,36
DA:31,1
DA:34,1
DA:37,1
DA:40,1
DA:50,1
DA:59,1
DA:68,1
DA:77,1
DA:86,1
DA:95,1
DA:104,1
DA:113,1
DA:122,1
DA:131,1
DA:140,1
DA:149,1
DA:158,1
DA:167,1
DA:176,1
DA:185,1
DA:194,1
DA:203,1
DA:212,1
DA:221,1
DA:230,1
DA:239,1
DA:248,1
DA:257,1
DA:266,1
DA:275,1
DA:284,1
DA:293,1
DA:302,1
DA:311,1
DA:320,1
DA:329,1
DA:338,1
DA:347,1
DA:356,1
DA:365,1
LF:49
LH:49
BRDA:9,1,0,63
BRDA:9,1,1,36
BRF:2
BRH:2
end_of_record
TN:
SF:/Users/baukh/work/GridManager/test/Core_test.js
FN:1,(anonymous_1)
FN:6,__webpack_require__
FN:48,(anonymous_3)
FN:57,(anonymous_4)
FN:66,(anonymous_5)
FN:75,(anonymous_6)
FN:84,(anonymous_7)
FN:93,(anonymous_8)
FN:102,(anonymous_9)
FN:111,(anonymous_10)
FN:120,(anonymous_11)
FN:129,(anonymous_12)
FN:138,(anonymous_13)
FN:147,(anonymous_14)
FN:156,(anonymous_15)
FN:165,(anonymous_16)
FN:174,(anonymous_17)
FN:183,(anonymous_18)
FN:192,(anonymous_19)
FN:201,(anonymous_20)
FN:210,(anonymous_21)
FN:219,(anonymous_22)
FN:228,(anonymous_23)
FN:237,(anonymous_24)
FN:246,(anonymous_25)
FN:255,(anonymous_26)
FN:264,(anonymous_27)
FN:273,(anonymous_28)
FN:282,(anonymous_29)
FN:291,(anonymous_30)
FN:300,(anonymous_31)
FN:309,(anonymous_32)
FN:318,(anonymous_33)
FN:327,(anonymous_34)
FN:336,(anonymous_35)
FN:345,(anonymous_36)
FN:354,(anonymous_37)
FN:363,(anonymous_38)
FNF:38
FNH:38
FNDA:1,(anonymous_1)
FNDA:99,__webpack_require__
FNDA:1,(anonymous_3)
FNDA:1,(anonymous_4)
FNDA:1,(anonymous_5)
FNDA:1,(anonymous_6)
FNDA:1,(anonymous_7)
FNDA:1,(anonymous_8)
FNDA:1,(anonymous_9)
FNDA:1,(anonymous_10)
FNDA:1,(anonymous_11)
FNDA:1,(anonymous_12)
FNDA:1,(anonymous_13)
FNDA:1,(anonymous_14)
FNDA:1,(anonymous_15)
FNDA:1,(anonymous_16)
FNDA:1,(anonymous_17)
FNDA:1,(anonymous_18)
FNDA:1,(anonymous_19)
FNDA:1,(anonymous_20)
FNDA:1,(anonymous_21)
FNDA:1,(anonymous_22)
FNDA:1,(anonymous_23)
FNDA:1,(anonymous_24)
FNDA:1,(anonymous_25)
FNDA:1,(anonymous_26)
FNDA:1,(anonymous_27)
FNDA:1,(anonymous_28)
FNDA:1,(anonymous_29)
FNDA:1,(anonymous_30)
FNDA:1,(anonymous_31)
FNDA:1,(anonymous_32)
FNDA:1,(anonymous_33)
FNDA:1,(anonymous_34)
FNDA:1,(anonymous_35)
FNDA:1,(anonymous_36)
FNDA:1,(anonymous_37)
FNDA:1,(anonymous_38)
DA:1,1
DA:3,1
DA:6,1
DA:9,99
DA:10,63
DA:13,36
DA:20,36
DA:23,36
DA:26,36
DA:31,1
DA:34,1
DA:37,1
DA:40,1
DA:50,1
DA:59,1
DA:68,1
DA:77,1
DA:86,1
DA:95,1
DA:104,1
DA:113,1
DA:122,1
DA:131,1
DA:140,1
DA:149,1
DA:158,1
DA:167,1
DA:176,1
DA:185,1
DA:194,1
DA:203,1
DA:212,1
DA:221,1
DA:230,1
DA:239,1
DA:248,1
DA:257,1
DA:266,1
DA:275,1
DA:284,1
DA:293,1
DA:302,1
DA:311,1
DA:320,1
DA:329,1
DA:338,1
DA:347,1
DA:356,1
DA:365,1
LF:49
LH:49
BRDA:9,1,0,63
BRDA:9,1,1,36
BRF:2
BRH:2
end_of_record
TN:
SF:/Users/baukh/work/GridManager/test/I18n_test.js
FN:1,(anonymous_1)
FN:6,__webpack_require__
FN:48,(anonymous_3)
FN:57,(anonymous_4)
FN:66,(anonymous_5)
FN:75,(anonymous_6)
FN:84,(anonymous_7)
FN:93,(anonymous_8)
FN:102,(anonymous_9)
FN:111,(anonymous_10)
FN:120,(anonymous_11)
FN:129,(anonymous_12)
FN:138,(anonymous_13)
FN:147,(anonymous_14)
FN:156,(anonymous_15)
FN:165,(anonymous_16)
FN:174,(anonymous_17)
FN:183,(anonymous_18)
FN:192,(anonymous_19)
FN:201,(anonymous_20)
FN:210,(anonymous_21)
FN:219,(anonymous_22)
FN:228,(anonymous_23)
FN:237,(anonymous_24)
FNF:24
FNH:24
FNDA:1,(anonymous_1)
FNDA:84,__webpack_require__
FNDA:1,(anonymous_3)
FNDA:1,(anonymous_4)
FNDA:1,(anonymous_5)
FNDA:1,(anonymous_6)
FNDA:1,(anonymous_7)
FNDA:1,(anonymous_8)
FNDA:1,(anonymous_9)
FNDA:1,(anonymous_10)
FNDA:1,(anonymous_11)
FNDA:1,(anonymous_12)
FNDA:1,(anonymous_13)
FNDA:1,(anonymous_14)
FNDA:1,(anonymous_15)
FNDA:1,(anonymous_16)
FNDA:1,(anonymous_17)
FNDA:1,(anonymous_18)
FNDA:1,(anonymous_19)
FNDA:1,(anonymous_20)
FNDA:1,(anonymous_21)
FNDA:1,(anonymous_22)
FNDA:1,(anonymous_23)
FNDA:1,(anonymous_24)
DA:1,1
DA:3,1
DA:6,1
DA:9,84
DA:10,62
DA:13,22
DA:20,22
DA:23,22
DA:26,22
DA:31,1
DA:34,1
DA:37,1
DA:40,1
DA:50,1
DA:59,1
DA:68,1
DA:77,1
DA:86,1
DA:95,1
DA:104,1
DA:113,1
DA:122,1
DA:131,1
DA:140,1
DA:149,1
DA:158,1
DA:167,1
DA:176,1
DA:185,1
DA:194,1
DA:203,1
DA:212,1
DA:221,1
DA:230,1
DA:239,1
LF:35
LH:35
BRDA:9,1,0,62
BRDA:9,1,1,22
BRF:2
BRH:2
end_of_record
TN:
SF:/Users/baukh/work/GridManager/test/Order_test.js
FN:1,(anonymous_1)
FN:6,__webpack_require__
FN:48,(anonymous_3)
FN:57,(anonymous_4)
FN:66,(anonymous_5)
FN:75,(anonymous_6)
FN:84,(anonymous_7)
FN:93,(anonymous_8)
FN:102,(anonymous_9)
FN:111,(anonymous_10)
FN:120,(anonymous_11)
FN:129,(anonymous_12)
FN:138,(anonymous_13)
FN:147,(anonymous_14)
FN:156,(anonymous_15)
FN:165,(anonymous_16)
FN:174,(anonymous_17)
FN:183,(anonymous_18)
FN:192,(anonymous_19)
FN:201,(anonymous_20)
FN:210,(anonymous_21)
FN:219,(anonymous_22)
FN:228,(anonymous_23)
FN:237,(anonymous_24)
FNF:24
FNH:24
FNDA:1,(anonymous_1)
FNDA:84,__webpack_require__
FNDA:1,(anonymous_3)
FNDA:1,(anonymous_4)
FNDA:1,(anonymous_5)
FNDA:1,(anonymous_6)
FNDA:1,(anonymous_7)
FNDA:1,(anonymous_8)
FNDA:1,(anonymous_9)
FNDA:1,(anonymous_10)
FNDA:1,(anonymous_11)
FNDA:1,(anonymous_12)
FNDA:1,(anonymous_13)
FNDA:1,(anonymous_14)
FNDA:1,(anonymous_15)
FNDA:1,(anonymous_16)
FNDA:1,(anonymous_17)
FNDA:1,(anonymous_18)
FNDA:1,(anonymous_19)
FNDA:1,(anonymous_20)
FNDA:1,(anonymous_21)
FNDA:1,(anonymous_22)
FNDA:1,(anonymous_23)
FNDA:1,(anonymous_24)
DA:1,1
DA:3,1
DA:6,1
DA:9,84
DA:10,62
DA:13,22
DA:20,22
DA:23,22
DA:26,22
DA:31,1
DA:34,1
DA:37,1
DA:40,1
DA:50,1
DA:59,1
DA:68,1
DA:77,1
DA:86,1
DA:95,1
DA:104,1
DA:113,1
DA:122,1
DA:131,1
DA:140,1
DA:149,1
DA:158,1
DA:167,1
DA:176,1
DA:185,1
DA:194,1
DA:203,1
DA:212,1
DA:221,1
DA:230,1
DA:239,1
LF:35
LH:35
BRDA:9,1,0,62
BRDA:9,1,1,22
BRF:2
BRH:2
end_of_record
TN:
SF:/Users/baukh/work/GridManager/test/Publish_test.js
FN:1,(anonymous_1)
FN:6,__webpack_require__
FN:48,(anonymous_3)
FN:57,(anonymous_4)
FN:66,(anonymous_5)
FN:75,(anonymous_6)
FN:84,(anonymous_7)
FN:93,(anonymous_8)
FN:102,(anonymous_9)
FN:111,(anonymous_10)
FN:120,(anonymous_11)
FN:129,(anonymous_12)
FN:138,(anonymous_13)
FN:147,(anonymous_14)
FN:156,(anonymous_15)
FN:165,(anonymous_16)
FN:174,(anonymous_17)
FN:183,(anonymous_18)
FN:192,(anonymous_19)
FN:201,(anonymous_20)
FN:210,(anonymous_21)
FN:219,(anonymous_22)
FN:228,(anonymous_23)
FN:237,(anonymous_24)
FN:246,(anonymous_25)
FNF:25
FNH:25
FNDA:1,(anonymous_1)
FNDA:86,__webpack_require__
FNDA:1,(anonymous_3)
FNDA:1,(anonymous_4)
FNDA:1,(anonymous_5)
FNDA:1,(anonymous_6)
FNDA:1,(anonymous_7)
FNDA:1,(anonymous_8)
FNDA:1,(anonymous_9)
FNDA:1,(anonymous_10)
FNDA:1,(anonymous_11)
FNDA:1,(anonymous_12)
FNDA:1,(anonymous_13)
FNDA:1,(anonymous_14)
FNDA:1,(anonymous_15)
FNDA:1,(anonymous_16)
FNDA:1,(anonymous_17)
FNDA:1,(anonymous_18)
FNDA:1,(anonymous_19)
FNDA:1,(anonymous_20)
FNDA:1,(anonymous_21)
FNDA:1,(anonymous_22)
FNDA:1,(anonymous_23)
FNDA:1,(anonymous_24)
FNDA:1,(anonymous_25)
DA:1,1
DA:3,1
DA:6,1
DA:9,86
DA:10,63
DA:13,23
DA:20,23
DA:23,23
DA:26,23
DA:31,1
DA:34,1
DA:37,1
DA:40,1
DA:50,1
DA:59,1
DA:68,1
DA:77,1
DA:86,1
DA:95,1
DA:104,1
DA:113,1
DA:122,1
DA:131,1
DA:140,1
DA:149,1
DA:158,1
DA:167,1
DA:176,1
DA:185,1
DA:194,1
DA:203,1
DA:212,1
DA:221,1
DA:230,1
DA:239,1
DA:248,1
LF:36
LH:36
BRDA:9,1,0,63
BRDA:9,1,1,23
BRF:2
BRH:2
end_of_record
TN:
SF:/Users/baukh/work/GridManager/test/Settings_test.js
FN:1,(anonymous_1)
FN:6,__webpack_require__
FN:49,(anonymous_3)
FN:59,(anonymous_4)
FN:69,(anonymous_5)
FN:79,(anonymous_6)
FNF:6
FNH:6
FNDA:1,(anonymous_1)
FNDA:4,__webpack_require__
FNDA:1,(anonymous_3)
FNDA:1,(anonymous_4)
FNDA:1,(anonymous_5)
FNDA:1,(anonymous_6)
DA:1,1
DA:3,1
DA:6,1
DA:9,4
DA:10,0
DA:13,4
DA:20,4
DA:23,4
DA:26,4
DA:31,1
DA:34,1
DA:37,1
DA:40,1
DA:51,1
DA:61,1
DA:71,1
DA:81,1
LF:17
LH:16
BRDA:9,1,0,0
BRDA:9,1,1,4
BRF:2
BRH:1
end_of_record
